Log file open, 09/01/20 17:59:03
LogWindows: Failed to load 'aqProf.dll' (GetLastError=126)
LogWindows: File 'aqProf.dll' does not exist
LogWindows: Failed to load 'VtuneApi.dll' (GetLastError=126)
LogWindows: File 'VtuneApi.dll' does not exist
LogWindows: Failed to load 'VtuneApi32e.dll' (GetLastError=126)
LogWindows: File 'VtuneApi32e.dll' does not exist
LogConsoleResponse: Display: Failed to find resolution value strings in scalability ini. Falling back to default.
LogInit: Display: Running engine for game: FPSGame
LogPakFile: Registered encryption key '00000000000000000000000000000000': 0 pak files mounted, 0 remain pending
LogPlatformFile: Not using cached read wrapper
LogTaskGraph: Started task graph with 5 named threads and 35 total threads with 3 sets of task threads.
LogStats: Stats thread started at 0.492798
LogD3D11RHI: Loaded GFSDK_Aftermath_Lib.x64.dll
LogICUInternationalization: ICU TimeZone Detection - Raw Offset: +1:00, Platform Override: ''
LogPluginManager: Mounting plugin Paper2D
LogPluginManager: Mounting plugin AISupport
LogPluginManager: Mounting plugin LightPropagationVolume
LogPluginManager: Mounting plugin ActorLayerUtilities
LogPluginManager: Mounting plugin CLionSourceCodeAccess
LogPluginManager: Mounting plugin CodeLiteSourceCodeAccess
LogPluginManager: Mounting plugin GitSourceControl
LogPluginManager: Mounting plugin KDevelopSourceCodeAccess
LogPluginManager: Mounting plugin NullSourceCodeAccess
LogPluginManager: Mounting plugin PerforceSourceControl
LogPluginManager: Mounting plugin SubversionSourceControl
LogPluginManager: Mounting plugin UObjectPlugin
LogPluginManager: Mounting plugin VisualStudioCodeSourceCodeAccess
LogPluginManager: Mounting plugin VisualStudioSourceCodeAccess
LogPluginManager: Mounting plugin XCodeSourceCodeAccess
LogPluginManager: Mounting plugin AssetManagerEditor
LogPluginManager: Mounting plugin CryptoKeys
LogPluginManager: Mounting plugin DataValidation
LogPluginManager: Mounting plugin FacialAnimation
LogPluginManager: Mounting plugin GameplayTagsEditor
LogPluginManager: Mounting plugin MacGraphicsSwitching
LogPluginManager: Mounting plugin MeshEditor
LogPluginManager: Mounting plugin MobileLauncherProfileWizard
LogPluginManager: Mounting plugin PluginBrowser
LogPluginManager: Mounting plugin SpeedTreeImporter
LogPluginManager: Mounting plugin DatasmithContent
LogPluginManager: Mounting plugin VariantManagerContent
LogPluginManager: Mounting plugin AlembicImporter
LogPluginManager: Mounting plugin AppleImageUtils
LogPluginManager: Mounting plugin AppleVision
LogPluginManager: Mounting plugin BackChannel
LogPluginManager: Mounting plugin CharacterAI
LogPluginManager: Mounting plugin GeometryCache
LogPluginManager: Mounting plugin HTML5Networking
LogPluginManager: Mounting plugin ProxyLODPlugin
LogPluginManager: Mounting plugin MagicLeap
LogPluginManager: Mounting plugin MagicLeapMedia
LogPluginManager: Mounting plugin AndroidMedia
LogPluginManager: Mounting plugin AvfMedia
LogPluginManager: Mounting plugin ImgMedia
LogPluginManager: Mounting plugin LinearTimecode
LogPluginManager: Mounting plugin MediaCompositing
LogPluginManager: Mounting plugin MediaPlayerEditor
LogPluginManager: Mounting plugin WebMMedia
LogPluginManager: Mounting plugin WmfMedia
LogPluginManager: Mounting plugin TcpMessaging
LogPluginManager: Mounting plugin UdpMessaging
LogPluginManager: Mounting plugin ActorSequence
LogPluginManager: Mounting plugin LevelSequenceEditor
LogPluginManager: Mounting plugin MatineeToLevelSequence
LogPluginManager: Mounting plugin NetcodeUnitTest
LogPluginManager: Mounting plugin NUTUnrealEngine4
LogPluginManager: Mounting plugin OnlineSubsystemGooglePlay
LogPluginManager: Mounting plugin OnlineSubsystemIOS
LogPluginManager: Mounting plugin OnlineSubsystem
LogPluginManager: Mounting plugin OnlineSubsystemNull
LogPluginManager: Mounting plugin OnlineSubsystemUtils
LogPluginManager: Mounting plugin LauncherChunkInstaller
LogPluginManager: Mounting plugin AndroidDeviceProfileSelector
LogPluginManager: Mounting plugin AndroidMoviePlayer
LogPluginManager: Mounting plugin AndroidPermission
LogPluginManager: Mounting plugin AppleMoviePlayer
LogPluginManager: Mounting plugin ArchVisCharacter
LogPluginManager: Mounting plugin AudioCapture
LogPluginManager: Mounting plugin CableComponent
LogPluginManager: Mounting plugin CustomMeshComponent
LogPluginManager: Mounting plugin EditableMesh
LogPluginManager: Mounting plugin ExampleDeviceProfileSelector
LogPluginManager: Mounting plugin Firebase
LogPluginManager: Mounting plugin GoogleCloudMessaging
LogPluginManager: Mounting plugin IOSDeviceProfileSelector
LogPluginManager: Mounting plugin LinuxDeviceProfileSelector
LogPluginManager: Mounting plugin LocationServicesBPLibrary
LogPluginManager: Mounting plugin MobilePatchingUtils
LogPluginManager: Mounting plugin OculusVR
LogPluginManager: Mounting plugin PhysXVehicles
LogPluginManager: Mounting plugin ProceduralMeshComponent
LogPluginManager: Mounting plugin RuntimePhysXCooking
LogPluginManager: Mounting plugin SteamVR
LogPluginManager: Mounting plugin WebMMoviePlayer
LogPluginManager: Mounting plugin WindowsMoviePlayer
LogStreaming: Display: Took  0.074s to configure plugins.
LogInit: Using libcurl 7.55.1-DEV
LogInit:  - built for x86_64-pc-win32
LogInit:  - supports SSL with OpenSSL/1.0.2h
LogInit:  - supports HTTP deflate (compression) using libz 1.2.8
LogInit:  - other features:
LogInit:      CURL_VERSION_SSL
LogInit:      CURL_VERSION_LIBZ
LogInit:      CURL_VERSION_IPV6
LogInit:      CURL_VERSION_ASYNCHDNS
LogInit:      CURL_VERSION_LARGEFILE
LogInit:      CURL_VERSION_IDN
LogInit:  CurlRequestOptions (configurable via config and command line):
LogInit:  - bVerifyPeer = true  - Libcurl will verify peer certificate
LogInit:  - bUseHttpProxy = false  - Libcurl will NOT use HTTP proxy
LogInit:  - bDontReuseConnections = false  - Libcurl will reuse connections
LogInit:  - MaxHostConnections = 16  - Libcurl will limit the number of connections to a host
LogInit:  - LocalHostAddr = Default
LogInit:  - BufferSize = 65536
LogInit: WinSock: version 1.1 (2.2), MaxSocks=32767, MaxUdp=65467
LogInit: Build: ++UE4+Release-4.21-CL-4613538
LogInit: Engine Version: 4.21.1-4613538+++UE4+Release-4.21
LogInit: Compatible Engine Version: 4.21.0-4541578+++UE4+Release-4.21
LogInit: Net CL: 4541578
LogInit: OS: Windows 10 (), CPU: Intel(R) Core(TM) i7-8700K CPU @ 3.70GHz, GPU: NVIDIA GeForce RTX 2080
LogInit: Compiled (64-bit): Nov 30 2018 04:13:25
LogInit: Compiled with Visual C++: 19.13.26129.00
LogInit: Build Configuration: Development
LogInit: Branch Name: ++UE4+Release-4.21
LogInit: Command Line:  -skipcompile
LogInit: Base Directory: C:/Program Files (x86)/Epic Games/UE_4.21/Engine/Binaries/Win64/
LogInit: Installed Engine Build: 1
LogDevObjectVersion: Number of dev versions registered: 22
LogDevObjectVersion:   Dev-Blueprints (B0D832E4-1F89-4F0D-ACCF-7EB736FD4AA2): 10
LogDevObjectVersion:   Dev-Build (E1C64328-A22C-4D53-A36C-8E866417BD8C): 0
LogDevObjectVersion:   Dev-Core (375EC13C-06E4-48FB-B500-84F0262A717E): 2
LogDevObjectVersion:   Dev-Editor (E4B068ED-F494-42E9-A231-DA0B2E46BB41): 26
LogDevObjectVersion:   Dev-Framework (CFFC743F-43B0-4480-9391-14DF171D2073): 34
LogDevObjectVersion:   Dev-Mobile (B02B49B5-BB20-44E9-A304-32B752E40360): 2
LogDevObjectVersion:   Dev-Networking (A4E4105C-59A1-49B5-A7C5-40C4547EDFEE): 0
LogDevObjectVersion:   Dev-Online (39C831C9-5AE6-47DC-9A44-9C173E1C8E7C): 0
LogDevObjectVersion:   Dev-Physics (78F01B33-EBEA-4F98-B9B4-84EACCB95AA2): 0
LogDevObjectVersion:   Dev-Platform (6631380F-2D4D-43E0-8009-CF276956A95A): 0
LogDevObjectVersion:   Dev-Rendering (12F88B9F-8875-4AFC-A67C-D90C383ABD29): 27
LogDevObjectVersion:   Dev-Sequencer (7B5AE74C-D270-4C10-A958-57980B212A5A): 9
LogDevObjectVersion:   Dev-VR (D7296918-1DD6-4BDD-9DE2-64A83CC13884): 2
LogDevObjectVersion:   Dev-LoadTimes (C2A15278-BFE7-4AFE-6C17-90FF531DF755): 1
LogDevObjectVersion:   Private-Geometry (6EACA3D4-40EC-4CC1-B786-8BED09428FC5): 3
LogDevObjectVersion:   Dev-AnimPhys (29E575DD-E0A3-4627-9D10-D276232CDCEA): 17
LogDevObjectVersion:   Dev-Anim (AF43A65D-7FD3-4947-9873-3E8ED9C1BB05): 2
LogDevObjectVersion:   Dev-ReflectionCapture (6B266CEC-1EC7-4B8F-A30B-E4D90942FC07): 1
LogDevObjectVersion:   Dev-Automation (0DF73D61-A23F-47EA-B727-89E90C41499A): 1
LogDevObjectVersion:   FortniteMain (601D1886-AC64-4F84-AA16-D3DE0DEAC7D6): 17
LogDevObjectVersion:   Dev-Enterprise (9DFFBCD6-494F-0158-E221-12823C92A888): 4
LogDevObjectVersion:   Dev-Niagara (F2AED0AC-9AFE-416F-8664-AA7FFA26D6FC): 1
LogStreaming: Display: Took  0.001s to delete old logs.
LogInit: Presizing for max 8388607 objects, including 0 objects not considered by GC, pre-allocating 0 bytes for permanent pool.
LogInit: Object subsystem initialized
LogConfig: Setting CVar [[con.DebugEarlyDefault:1]]
LogConfig: Setting CVar [[r.setres:1280x720]]
[2020.09.01-15.59.03:689][  0]LogConfig: Setting CVar [[r.VSync:0]]
[2020.09.01-15.59.03:689][  0]LogConfig: Setting CVar [[r.RHICmdBypass:0]]
[2020.09.01-15.59.03:689][  0]LogConfig: Applying CVar settings from Section [/Script/Engine.RendererSettings] File [D:/Dev/Workspace_Unreal/StealthGame/Saved/Config/Windows/Engine.ini]
[2020.09.01-15.59.03:689][  0]LogConfig: Setting CVar [[r.GPUCrashDebugging:0]]
[2020.09.01-15.59.03:689][  0]LogConfig: Applying CVar settings from Section [/Script/Engine.RendererOverrideSettings] File [D:/Dev/Workspace_Unreal/StealthGame/Saved/Config/Windows/Engine.ini]
[2020.09.01-15.59.03:689][  0]LogConfig: Applying CVar settings from Section [/Script/Engine.StreamingSettings] File [D:/Dev/Workspace_Unreal/StealthGame/Saved/Config/Windows/Engine.ini]
[2020.09.01-15.59.03:689][  0]LogConfig: Setting CVar [[s.MinBulkDataSizeForAsyncLoading:131072]]
[2020.09.01-15.59.03:689][  0]LogConfig: Setting CVar [[s.AsyncLoadingThreadEnabled:0]]
[2020.09.01-15.59.03:689][  0]LogConfig: Setting CVar [[s.EventDrivenLoaderEnabled:1]]
[2020.09.01-15.59.03:689][  0]LogConfig: Setting CVar [[s.WarnIfTimeLimitExceeded:0]]
[2020.09.01-15.59.03:689][  0]LogConfig: Setting CVar [[s.TimeLimitExceededMultiplier:1.5]]
[2020.09.01-15.59.03:690][  0]LogConfig: Setting CVar [[s.TimeLimitExceededMinTime:0.005]]
[2020.09.01-15.59.03:690][  0]LogConfig: Setting CVar [[s.UseBackgroundLevelStreaming:1]]
[2020.09.01-15.59.03:690][  0]LogConfig: Setting CVar [[s.PriorityAsyncLoadingExtraTime:15.0]]
[2020.09.01-15.59.03:690][  0]LogConfig: Setting CVar [[s.LevelStreamingActorsUpdateTimeLimit:5.0]]
[2020.09.01-15.59.03:690][  0]LogConfig: Setting CVar [[s.PriorityLevelStreamingActorsUpdateExtraTime:5.0]]
[2020.09.01-15.59.03:690][  0]LogConfig: Setting CVar [[s.LevelStreamingComponentsRegistrationGranularity:10]]
[2020.09.01-15.59.03:690][  0]LogConfig: Setting CVar [[s.UnregisterComponentsTimeLimit:1.0]]
[2020.09.01-15.59.03:690][  0]LogConfig: Setting CVar [[s.LevelStreamingComponentsUnregistrationGranularity:5]]
[2020.09.01-15.59.03:690][  0]LogConfig: Applying CVar settings from Section [/Script/Engine.GarbageCollectionSettings] File [D:/Dev/Workspace_Unreal/StealthGame/Saved/Config/Windows/Engine.ini]
[2020.09.01-15.59.03:690][  0]LogConfig: Setting CVar [[gc.MaxObjectsNotConsideredByGC:1]]
[2020.09.01-15.59.03:690][  0]LogConfig: Setting CVar [[gc.SizeOfPermanentObjectPool:0]]
[2020.09.01-15.59.03:690][  0]LogConfig: Setting CVar [[gc.FlushStreamingOnGC:0]]
[2020.09.01-15.59.03:690][  0]LogConfig: Setting CVar [[gc.NumRetriesBeforeForcingGC:10]]
[2020.09.01-15.59.03:690][  0]LogConfig: Setting CVar [[gc.AllowParallelGC:1]]
[2020.09.01-15.59.03:690][  0]LogConfig: Setting CVar [[gc.TimeBetweenPurgingPendingKillObjects:61.1]]
[2020.09.01-15.59.03:690][  0]LogConfig: Setting CVar [[gc.MaxObjectsInEditor:8388607]]
[2020.09.01-15.59.03:691][  0]LogConfig: Setting CVar [[gc.IncrementalBeginDestroyEnabled:1]]
[2020.09.01-15.59.03:691][  0]LogConfig: Setting CVar [[gc.CreateGCClusters:1]]
[2020.09.01-15.59.03:691][  0]LogConfig: Setting CVar [[gc.MergeGCClusters:0]]
[2020.09.01-15.59.03:691][  0]LogConfig: Setting CVar [[gc.MinGCClusterSize:5]]
[2020.09.01-15.59.03:691][  0]LogConfig: Setting CVar [[gc.ActorClusteringEnabled:0]]
[2020.09.01-15.59.03:691][  0]LogConfig: Setting CVar [[gc.BlueprintClusteringEnabled:0]]
[2020.09.01-15.59.03:691][  0]LogConfig: Setting CVar [[gc.UseDisregardForGCOnDedicatedServers:0]]
[2020.09.01-15.59.03:691][  0]LogConfig: Applying CVar settings from Section [/Script/Engine.NetworkSettings] File [D:/Dev/Workspace_Unreal/StealthGame/Saved/Config/Windows/Engine.ini]
[2020.09.01-15.59.03:691][  0]LogConfig: Applying CVar settings from Section [/Script/UnrealEd.CookerSettings] File [D:/Dev/Workspace_Unreal/StealthGame/Saved/Config/Windows/Engine.ini]
[2020.09.01-15.59.03:705][  0]LogConfig: Applying CVar settings from Section [ViewDistanceQuality@3] File [D:/Dev/Workspace_Unreal/StealthGame/Saved/Config/Windows/Scalability.ini]
[2020.09.01-15.59.03:705][  0]LogConfig: Setting CVar [[r.SkeletalMeshLODBias:0]]
[2020.09.01-15.59.03:705][  0]LogConfig: Setting CVar [[r.ViewDistanceScale:1.0]]
[2020.09.01-15.59.03:706][  0]LogConfig: Applying CVar settings from Section [AntiAliasingQuality@3] File [D:/Dev/Workspace_Unreal/StealthGame/Saved/Config/Windows/Scalability.ini]
[2020.09.01-15.59.03:706][  0]LogConfig: Setting CVar [[r.PostProcessAAQuality:4]]
[2020.09.01-15.59.03:706][  0]LogConfig: Applying CVar settings from Section [ShadowQuality@3] File [D:/Dev/Workspace_Unreal/StealthGame/Saved/Config/Windows/Scalability.ini]
[2020.09.01-15.59.03:706][  0]LogConfig: Setting CVar [[r.LightFunctionQuality:1]]
[2020.09.01-15.59.03:706][  0]LogConfig: Setting CVar [[r.ShadowQuality:5]]
[2020.09.01-15.59.03:706][  0]LogConfig: Setting CVar [[r.Shadow.CSM.MaxCascades:10]]
[2020.09.01-15.59.03:706][  0]LogConfig: Setting CVar [[r.Shadow.MaxResolution:2048]]
[2020.09.01-15.59.03:706][  0]LogConfig: Setting CVar [[r.Shadow.MaxCSMResolution:2048]]
[2020.09.01-15.59.03:706][  0]LogConfig: Setting CVar [[r.Shadow.RadiusThreshold:0.01]]
[2020.09.01-15.59.03:706][  0]LogConfig: Setting CVar [[r.Shadow.DistanceScale:1.0]]
[2020.09.01-15.59.03:706][  0]LogConfig: Setting CVar [[r.Shadow.CSM.TransitionScale:1.0]]
[2020.09.01-15.59.03:706][  0]LogConfig: Setting CVar [[r.Shadow.PreShadowResolutionFactor:1.0]]
[2020.09.01-15.59.03:706][  0]LogConfig: Setting CVar [[r.DistanceFieldShadowing:1]]
[2020.09.01-15.59.03:706][  0]LogConfig: Setting CVar [[r.DistanceFieldAO:1]]
[2020.09.01-15.59.03:706][  0]LogConfig: Setting CVar [[r.AOQuality:2]]
[2020.09.01-15.59.03:706][  0]LogConfig: Setting CVar [[r.VolumetricFog:1]]
[2020.09.01-15.59.03:707][  0]LogConfig: Setting CVar [[r.VolumetricFog.GridPixelSize:8]]
[2020.09.01-15.59.03:707][  0]LogConfig: Setting CVar [[r.VolumetricFog.GridSizeZ:128]]
[2020.09.01-15.59.03:707][  0]LogConfig: Setting CVar [[r.VolumetricFog.HistoryMissSupersampleCount:4]]
[2020.09.01-15.59.03:707][  0]LogConfig: Setting CVar [[r.LightMaxDrawDistanceScale:1]]
[2020.09.01-15.59.03:707][  0]LogConfig: Setting CVar [[r.CapsuleShadows:1]]
[2020.09.01-15.59.03:707][  0]LogConfig: Applying CVar settings from Section [PostProcessQuality@3] File [D:/Dev/Workspace_Unreal/StealthGame/Saved/Config/Windows/Scalability.ini]
[2020.09.01-15.59.03:707][  0]LogConfig: Setting CVar [[r.MotionBlurQuality:4]]
[2020.09.01-15.59.03:707][  0]LogConfig: Setting CVar [[r.AmbientOcclusionMipLevelFactor:0.4]]
[2020.09.01-15.59.03:707][  0]LogConfig: Setting CVar [[r.AmbientOcclusionMaxQuality:100]]
[2020.09.01-15.59.03:707][  0]LogConfig: Setting CVar [[r.AmbientOcclusionLevels:-1]]
[2020.09.01-15.59.03:707][  0]LogConfig: Setting CVar [[r.AmbientOcclusionRadiusScale:1.0]]
[2020.09.01-15.59.03:707][  0]LogConfig: Setting CVar [[r.DepthOfFieldQuality:2]]
[2020.09.01-15.59.03:707][  0]LogConfig: Setting CVar [[r.RenderTargetPoolMin:400]]
[2020.09.01-15.59.03:707][  0]LogConfig: Setting CVar [[r.LensFlareQuality:2]]
[2020.09.01-15.59.03:707][  0]LogConfig: Setting CVar [[r.SceneColorFringeQuality:1]]
[2020.09.01-15.59.03:707][  0]LogConfig: Setting CVar [[r.EyeAdaptationQuality:2]]
[2020.09.01-15.59.03:707][  0]LogConfig: Setting CVar [[r.BloomQuality:5]]
[2020.09.01-15.59.03:707][  0]LogConfig: Setting CVar [[r.FastBlurThreshold:100]]
[2020.09.01-15.59.03:707][  0]LogConfig: Setting CVar [[r.Upscale.Quality:3]]
[2020.09.01-15.59.03:707][  0]LogConfig: Setting CVar [[r.Tonemapper.GrainQuantization:1]]
[2020.09.01-15.59.03:708][  0]LogConfig: Setting CVar [[r.LightShaftQuality:1]]
[2020.09.01-15.59.03:708][  0]LogConfig: Setting CVar [[r.Filter.SizeScale:1]]
[2020.09.01-15.59.03:708][  0]LogConfig: Setting CVar [[r.Tonemapper.Quality:5]]
[2020.09.01-15.59.03:708][  0]LogConfig: Setting CVar [[r.DOF.Gather.AccumulatorQuality:1        ; higher gathering accumulator quality]]
[2020.09.01-15.59.03:708][  0]LogConfig: Setting CVar [[r.DOF.Gather.PostfilterMethod:1          ; Median3x3 postfilering method]]
[2020.09.01-15.59.03:708][  0]LogConfig: Setting CVar [[r.DOF.Gather.EnableBokehSettings:0       ; no bokeh simulation when gathering]]
[2020.09.01-15.59.03:708][  0]LogConfig: Setting CVar [[r.DOF.Gather.RingCount:4                 ; medium number of samples when gathering]]
[2020.09.01-15.59.03:708][  0]LogConfig: Setting CVar [[r.DOF.Scatter.ForegroundCompositing:1    ; additive foreground scattering]]
[2020.09.01-15.59.03:708][  0]LogConfig: Setting CVar [[r.DOF.Scatter.BackgroundCompositing:2    ; additive background scattering]]
[2020.09.01-15.59.03:708][  0]LogConfig: Setting CVar [[r.DOF.Scatter.EnableBokehSettings:1      ; bokeh simulation when scattering]]
[2020.09.01-15.59.03:708][  0]LogConfig: Setting CVar [[r.DOF.Scatter.MaxSpriteRatio:0.1         ; only a maximum of 10% of scattered bokeh]]
[2020.09.01-15.59.03:708][  0]LogConfig: Setting CVar [[r.DOF.Recombine.Quality:1                ; cheap slight out of focus]]
[2020.09.01-15.59.03:708][  0]LogConfig: Setting CVar [[r.DOF.Recombine.EnableBokehSettings:0    ; no bokeh simulation on slight out of focus]]
[2020.09.01-15.59.03:708][  0]LogConfig: Setting CVar [[r.DOF.TemporalAAQuality:1                ; more stable temporal accumulation]]
[2020.09.01-15.59.03:708][  0]LogConfig: Setting CVar [[r.DOF.Kernel.MaxForegroundRadius:0.025]]
[2020.09.01-15.59.03:708][  0]LogConfig: Setting CVar [[r.DOF.Kernel.MaxBackgroundRadius:0.025]]
[2020.09.01-15.59.03:708][  0]LogConfig: Applying CVar settings from Section [TextureQuality@3] File [D:/Dev/Workspace_Unreal/StealthGame/Saved/Config/Windows/Scalability.ini]
[2020.09.01-15.59.03:708][  0]LogConfig: Setting CVar [[r.Streaming.MipBias:0]]
[2020.09.01-15.59.03:708][  0]LogConfig: Setting CVar [[r.Streaming.AmortizeCPUToGPUCopy:0]]
[2020.09.01-15.59.03:708][  0]LogConfig: Setting CVar [[r.Streaming.MaxNumTexturesToStreamPerFrame:0]]
[2020.09.01-15.59.03:709][  0]LogConfig: Setting CVar [[r.Streaming.Boost:1]]
[2020.09.01-15.59.03:709][  0]LogConfig: Setting CVar [[r.MaxAnisotropy:8]]
[2020.09.01-15.59.03:709][  0]LogConfig: Setting CVar [[r.Streaming.LimitPoolSizeToVRAM:0]]
[2020.09.01-15.59.03:709][  0]LogConfig: Setting CVar [[r.Streaming.PoolSize:1000]]
[2020.09.01-15.59.03:709][  0]LogConfig: Setting CVar [[r.Streaming.MaxEffectiveScreenSize:0]]
[2020.09.01-15.59.03:709][  0]LogConfig: Applying CVar settings from Section [EffectsQuality@3] File [D:/Dev/Workspace_Unreal/StealthGame/Saved/Config/Windows/Scalability.ini]
[2020.09.01-15.59.03:709][  0]LogConfig: Setting CVar [[r.TranslucencyLightingVolumeDim:64]]
[2020.09.01-15.59.03:709][  0]LogConfig: Setting CVar [[r.RefractionQuality:2]]
[2020.09.01-15.59.03:709][  0]LogConfig: Setting CVar [[r.SSR.Quality:3]]
[2020.09.01-15.59.03:709][  0]LogConfig: Setting CVar [[r.SceneColorFormat:4]]
[2020.09.01-15.59.03:709][  0]LogConfig: Setting CVar [[r.DetailMode:2]]
[2020.09.01-15.59.03:709][  0]LogConfig: Setting CVar [[r.TranslucencyVolumeBlur:1]]
[2020.09.01-15.59.03:709][  0]LogConfig: Setting CVar [[r.MaterialQualityLevel:1 ; High quality]]
[2020.09.01-15.59.03:709][  0]LogConfig: Setting CVar [[r.SSS.Scale:1]]
[2020.09.01-15.59.03:709][  0]LogConfig: Setting CVar [[r.SSS.SampleSet:2]]
[2020.09.01-15.59.03:709][  0]LogConfig: Setting CVar [[r.SSS.Quality:1]]
[2020.09.01-15.59.03:709][  0]LogConfig: Setting CVar [[r.SSS.HalfRes:1]]
[2020.09.01-15.59.03:709][  0]LogConfig: Setting CVar [[r.EmitterSpawnRateScale:1.0]]
[2020.09.01-15.59.03:709][  0]LogConfig: Setting CVar [[r.ParticleLightQuality:2]]
[2020.09.01-15.59.03:709][  0]LogConfig: Applying CVar settings from Section [FoliageQuality@3] File [D:/Dev/Workspace_Unreal/StealthGame/Saved/Config/Windows/Scalability.ini]
[2020.09.01-15.59.03:709][  0]LogConfig: Setting CVar [[foliage.DensityScale:1.0]]
[2020.09.01-15.59.03:709][  0]LogConfig: Setting CVar [[grass.DensityScale:1.0]]
[2020.09.01-15.59.03:710][  0]LogInit: Selected Device Profile: [Windows]
[2020.09.01-15.59.03:710][  0]LogInit: Applying CVar settings loaded from the selected device profile: [Windows]
[2020.09.01-15.59.03:717][  0]LogHAL: Display: Platform has ~ 16 GB [17115275264 / 17179869184 / 16], which maps to Larger [LargestMinGB=32, LargerMinGB=12, DefaultMinGB=8, SmallerMinGB=6, SmallestMinGB=0)
[2020.09.01-15.59.03:717][  0]LogConfig: Setting CVar [[r.Vulkan.UseRealUBs:1]]
[2020.09.01-15.59.03:718][  0]LogInit: Going up to parent DeviceProfile []
[2020.09.01-15.59.03:718][  0]LogConfig: Applying CVar settings from Section [ViewDistanceQuality@3] File [D:/Dev/Workspace_Unreal/StealthGame/Saved/Config/Windows/Scalability.ini]
[2020.09.01-15.59.03:718][  0]LogConfig: Setting CVar [[r.SkeletalMeshLODBias:0]]
[2020.09.01-15.59.03:718][  0]LogConfig: Setting CVar [[r.ViewDistanceScale:1.0]]
[2020.09.01-15.59.03:718][  0]LogConfig: Applying CVar settings from Section [AntiAliasingQuality@3] File [D:/Dev/Workspace_Unreal/StealthGame/Saved/Config/Windows/Scalability.ini]
[2020.09.01-15.59.03:718][  0]LogConfig: Setting CVar [[r.PostProcessAAQuality:4]]
[2020.09.01-15.59.03:718][  0]LogConfig: Applying CVar settings from Section [ShadowQuality@3] File [D:/Dev/Workspace_Unreal/StealthGame/Saved/Config/Windows/Scalability.ini]
[2020.09.01-15.59.03:718][  0]LogConfig: Setting CVar [[r.LightFunctionQuality:1]]
[2020.09.01-15.59.03:718][  0]LogConfig: Setting CVar [[r.ShadowQuality:5]]
[2020.09.01-15.59.03:718][  0]LogConfig: Setting CVar [[r.Shadow.CSM.MaxCascades:10]]
[2020.09.01-15.59.03:718][  0]LogConfig: Setting CVar [[r.Shadow.MaxResolution:2048]]
[2020.09.01-15.59.03:718][  0]LogConfig: Setting CVar [[r.Shadow.MaxCSMResolution:2048]]
[2020.09.01-15.59.03:718][  0]LogConfig: Setting CVar [[r.Shadow.RadiusThreshold:0.01]]
[2020.09.01-15.59.03:718][  0]LogConfig: Setting CVar [[r.Shadow.DistanceScale:1.0]]
[2020.09.01-15.59.03:718][  0]LogConfig: Setting CVar [[r.Shadow.CSM.TransitionScale:1.0]]
[2020.09.01-15.59.03:718][  0]LogConfig: Setting CVar [[r.Shadow.PreShadowResolutionFactor:1.0]]
[2020.09.01-15.59.03:719][  0]LogConfig: Setting CVar [[r.DistanceFieldShadowing:1]]
[2020.09.01-15.59.03:719][  0]LogConfig: Setting CVar [[r.DistanceFieldAO:1]]
[2020.09.01-15.59.03:719][  0]LogConfig: Setting CVar [[r.AOQuality:2]]
[2020.09.01-15.59.03:719][  0]LogConfig: Setting CVar [[r.VolumetricFog:1]]
[2020.09.01-15.59.03:719][  0]LogConfig: Setting CVar [[r.VolumetricFog.GridPixelSize:8]]
[2020.09.01-15.59.03:719][  0]LogConfig: Setting CVar [[r.VolumetricFog.GridSizeZ:128]]
[2020.09.01-15.59.03:719][  0]LogConfig: Setting CVar [[r.VolumetricFog.HistoryMissSupersampleCount:4]]
[2020.09.01-15.59.03:719][  0]LogConfig: Setting CVar [[r.LightMaxDrawDistanceScale:1]]
[2020.09.01-15.59.03:719][  0]LogConfig: Setting CVar [[r.CapsuleShadows:1]]
[2020.09.01-15.59.03:719][  0]LogConfig: Applying CVar settings from Section [PostProcessQuality@3] File [D:/Dev/Workspace_Unreal/StealthGame/Saved/Config/Windows/Scalability.ini]
[2020.09.01-15.59.03:719][  0]LogConfig: Setting CVar [[r.MotionBlurQuality:4]]
[2020.09.01-15.59.03:719][  0]LogConfig: Setting CVar [[r.AmbientOcclusionMipLevelFactor:0.4]]
[2020.09.01-15.59.03:719][  0]LogConfig: Setting CVar [[r.AmbientOcclusionMaxQuality:100]]
[2020.09.01-15.59.03:719][  0]LogConfig: Setting CVar [[r.AmbientOcclusionLevels:-1]]
[2020.09.01-15.59.03:719][  0]LogConfig: Setting CVar [[r.AmbientOcclusionRadiusScale:1.0]]
[2020.09.01-15.59.03:719][  0]LogConfig: Setting CVar [[r.DepthOfFieldQuality:2]]
[2020.09.01-15.59.03:719][  0]LogConfig: Setting CVar [[r.RenderTargetPoolMin:400]]
[2020.09.01-15.59.03:719][  0]LogConfig: Setting CVar [[r.LensFlareQuality:2]]
[2020.09.01-15.59.03:719][  0]LogConfig: Setting CVar [[r.SceneColorFringeQuality:1]]
[2020.09.01-15.59.03:719][  0]LogConfig: Setting CVar [[r.EyeAdaptationQuality:2]]
[2020.09.01-15.59.03:719][  0]LogConfig: Setting CVar [[r.BloomQuality:5]]
[2020.09.01-15.59.03:720][  0]LogConfig: Setting CVar [[r.FastBlurThreshold:100]]
[2020.09.01-15.59.03:720][  0]LogConfig: Setting CVar [[r.Upscale.Quality:3]]
[2020.09.01-15.59.03:720][  0]LogConfig: Setting CVar [[r.Tonemapper.GrainQuantization:1]]
[2020.09.01-15.59.03:720][  0]LogConfig: Setting CVar [[r.LightShaftQuality:1]]
[2020.09.01-15.59.03:720][  0]LogConfig: Setting CVar [[r.Filter.SizeScale:1]]
[2020.09.01-15.59.03:720][  0]LogConfig: Setting CVar [[r.Tonemapper.Quality:5]]
[2020.09.01-15.59.03:720][  0]LogConfig: Setting CVar [[r.DOF.Gather.AccumulatorQuality:1        ; higher gathering accumulator quality]]
[2020.09.01-15.59.03:720][  0]LogConfig: Setting CVar [[r.DOF.Gather.PostfilterMethod:1          ; Median3x3 postfilering method]]
[2020.09.01-15.59.03:720][  0]LogConfig: Setting CVar [[r.DOF.Gather.EnableBokehSettings:0       ; no bokeh simulation when gathering]]
[2020.09.01-15.59.03:720][  0]LogConfig: Setting CVar [[r.DOF.Gather.RingCount:4                 ; medium number of samples when gathering]]
[2020.09.01-15.59.03:720][  0]LogConfig: Setting CVar [[r.DOF.Scatter.ForegroundCompositing:1    ; additive foreground scattering]]
[2020.09.01-15.59.03:720][  0]LogConfig: Setting CVar [[r.DOF.Scatter.BackgroundCompositing:2    ; additive background scattering]]
[2020.09.01-15.59.03:720][  0]LogConfig: Setting CVar [[r.DOF.Scatter.EnableBokehSettings:1      ; bokeh simulation when scattering]]
[2020.09.01-15.59.03:720][  0]LogConfig: Setting CVar [[r.DOF.Scatter.MaxSpriteRatio:0.1         ; only a maximum of 10% of scattered bokeh]]
[2020.09.01-15.59.03:720][  0]LogConfig: Setting CVar [[r.DOF.Recombine.Quality:1                ; cheap slight out of focus]]
[2020.09.01-15.59.03:720][  0]LogConfig: Setting CVar [[r.DOF.Recombine.EnableBokehSettings:0    ; no bokeh simulation on slight out of focus]]
[2020.09.01-15.59.03:720][  0]LogConfig: Setting CVar [[r.DOF.TemporalAAQuality:1                ; more stable temporal accumulation]]
[2020.09.01-15.59.03:720][  0]LogConfig: Setting CVar [[r.DOF.Kernel.MaxForegroundRadius:0.025]]
[2020.09.01-15.59.03:720][  0]LogConfig: Setting CVar [[r.DOF.Kernel.MaxBackgroundRadius:0.025]]
[2020.09.01-15.59.03:721][  0]LogConfig: Applying CVar settings from Section [TextureQuality@3] File [D:/Dev/Workspace_Unreal/StealthGame/Saved/Config/Windows/Scalability.ini]
[2020.09.01-15.59.03:721][  0]LogConfig: Setting CVar [[r.Streaming.MipBias:0]]
[2020.09.01-15.59.03:721][  0]LogConfig: Setting CVar [[r.Streaming.AmortizeCPUToGPUCopy:0]]
[2020.09.01-15.59.03:721][  0]LogConfig: Setting CVar [[r.Streaming.MaxNumTexturesToStreamPerFrame:0]]
[2020.09.01-15.59.03:721][  0]LogConfig: Setting CVar [[r.Streaming.Boost:1]]
[2020.09.01-15.59.03:721][  0]LogConfig: Setting CVar [[r.MaxAnisotropy:8]]
[2020.09.01-15.59.03:721][  0]LogConfig: Setting CVar [[r.Streaming.LimitPoolSizeToVRAM:0]]
[2020.09.01-15.59.03:721][  0]LogConfig: Setting CVar [[r.Streaming.PoolSize:1000]]
[2020.09.01-15.59.03:721][  0]LogConfig: Setting CVar [[r.Streaming.MaxEffectiveScreenSize:0]]
[2020.09.01-15.59.03:721][  0]LogConfig: Applying CVar settings from Section [EffectsQuality@3] File [D:/Dev/Workspace_Unreal/StealthGame/Saved/Config/Windows/Scalability.ini]
[2020.09.01-15.59.03:721][  0]LogConfig: Setting CVar [[r.TranslucencyLightingVolumeDim:64]]
[2020.09.01-15.59.03:721][  0]LogConfig: Setting CVar [[r.RefractionQuality:2]]
[2020.09.01-15.59.03:721][  0]LogConfig: Setting CVar [[r.SSR.Quality:3]]
[2020.09.01-15.59.03:721][  0]LogConfig: Setting CVar [[r.SceneColorFormat:4]]
[2020.09.01-15.59.03:721][  0]LogConfig: Setting CVar [[r.DetailMode:2]]
[2020.09.01-15.59.03:721][  0]LogConfig: Setting CVar [[r.TranslucencyVolumeBlur:1]]
[2020.09.01-15.59.03:721][  0]LogConfig: Setting CVar [[r.MaterialQualityLevel:1 ; High quality]]
[2020.09.01-15.59.03:721][  0]LogConfig: Setting CVar [[r.SSS.Scale:1]]
[2020.09.01-15.59.03:721][  0]LogConfig: Setting CVar [[r.SSS.SampleSet:2]]
[2020.09.01-15.59.03:721][  0]LogConfig: Setting CVar [[r.SSS.Quality:1]]
[2020.09.01-15.59.03:722][  0]LogConfig: Setting CVar [[r.SSS.HalfRes:1]]
[2020.09.01-15.59.03:722][  0]LogConfig: Setting CVar [[r.EmitterSpawnRateScale:1.0]]
[2020.09.01-15.59.03:722][  0]LogConfig: Setting CVar [[r.ParticleLightQuality:2]]
[2020.09.01-15.59.03:722][  0]LogConfig: Applying CVar settings from Section [FoliageQuality@3] File [D:/Dev/Workspace_Unreal/StealthGame/Saved/Config/Windows/Scalability.ini]
[2020.09.01-15.59.03:722][  0]LogConfig: Setting CVar [[foliage.DensityScale:1.0]]
[2020.09.01-15.59.03:722][  0]LogConfig: Setting CVar [[grass.DensityScale:1.0]]
[2020.09.01-15.59.03:722][  0]LogConfig: Applying CVar settings from Section [Startup] File [../../../Engine/Config/ConsoleVariables.ini]
[2020.09.01-15.59.03:722][  0]LogConfig: Setting CVar [[net.UseAdaptiveNetUpdateFrequency:0]]
[2020.09.01-15.59.03:722][  0]LogConfig: Applying CVar settings from Section [ConsoleVariables] File [D:/Dev/Workspace_Unreal/StealthGame/Saved/Config/Windows/Engine.ini]
[2020.09.01-15.59.03:722][  0]LogInit: Computer: DESKTOP-MAUREL
[2020.09.01-15.59.03:722][  0]LogInit: User: maure
[2020.09.01-15.59.03:722][  0]LogInit: CPU Page size=4096, Cores=6
[2020.09.01-15.59.03:722][  0]LogInit: High frequency timer resolution =10.000000 MHz
[2020.09.01-15.59.03:723][  0]LogMemory: Memory total: Physical=15.9GB (16GB approx)
[2020.09.01-15.59.03:723][  0]LogMemory: Platform Memory Stats for Windows
[2020.09.01-15.59.03:723][  0]LogMemory: Process Physical Memory: 104.35 MB used, 104.36 MB peak
[2020.09.01-15.59.03:723][  0]LogMemory: Process Virtual Memory: 86.56 MB used, 86.56 MB peak
[2020.09.01-15.59.03:723][  0]LogMemory: Physical Memory: 10327.65 MB used,  5994.75 MB free, 16322.40 MB total
[2020.09.01-15.59.03:723][  0]LogMemory: Virtual Memory: 4648.15 MB used,  134213080.00 MB free, 134217728.00 MB total
[2020.09.01-15.59.03:872][  0]LogInit: Using OS detected language (en-US).
[2020.09.01-15.59.03:872][  0]LogInit: Using OS detected locale (en-US).
[2020.09.01-15.59.03:873][  0]LogTextLocalizationManager: No specific localization for 'en-US' exists, so the 'en' localization will be used.
[2020.09.01-15.59.04:175][  0]LogStreaming: Display: Took  0.303s to InitEngineTextLocalization.
[2020.09.01-15.59.04:175][  0]LogInit: Setting process to per monitor DPI aware
[2020.09.01-15.59.04:224][  0]LogSlate: New Slate User Created.  User Index 0, Is Virtual User: 0
[2020.09.01-15.59.04:224][  0]LogSlate: Slate User Registered.  User Index 0, Is Virtual User: 0
[2020.09.01-15.59.04:442][  0]LogHMD: Failed to initialize OpenVR with code 110
[2020.09.01-15.59.04:442][  0]LogD3D11RHI: D3D11 adapters:
[2020.09.01-15.59.04:525][  0]LogD3D11RHI:    0. 'NVIDIA GeForce RTX 2080' (Feature Level 11_0)
[2020.09.01-15.59.04:526][  0]LogD3D11RHI:       8010/0/8161 MB DedicatedVideo/DedicatedSystem/SharedSystem, Outputs:2, VendorId:0x10de
[2020.09.01-15.59.04:532][  0]LogD3D11RHI:    1. 'Microsoft Basic Render Driver' (Feature Level 11_0)
[2020.09.01-15.59.04:532][  0]LogD3D11RHI:       0/0/8161 MB DedicatedVideo/DedicatedSystem/SharedSystem, Outputs:0, VendorId:0x1414
[2020.09.01-15.59.04:532][  0]LogD3D11RHI: Chosen D3D11 Adapter: 0
[2020.09.01-15.59.04:541][  0]LogD3D11RHI: Creating new Direct3DDevice
[2020.09.01-15.59.04:542][  0]LogD3D11RHI:     GPU DeviceId: 0x1e87 (for the marketing name, search the web for "GPU Device Id")
[2020.09.01-15.59.04:542][  0]LogWindows: EnumDisplayDevices:
[2020.09.01-15.59.04:542][  0]LogWindows:    0. 'NVIDIA GeForce RTX 2080' (P:1 D:1)
[2020.09.01-15.59.04:542][  0]LogWindows:    1. 'NVIDIA GeForce RTX 2080' (P:0 D:1)
[2020.09.01-15.59.04:543][  0]LogWindows:    2. 'NVIDIA GeForce RTX 2080' (P:0 D:0)
[2020.09.01-15.59.04:543][  0]LogWindows:    3. 'NVIDIA GeForce RTX 2080' (P:0 D:0)
[2020.09.01-15.59.04:544][  0]LogWindows: DebugString: FoundDriverCount:4 
[2020.09.01-15.59.04:544][  0]LogD3D11RHI:     Adapter Name: NVIDIA GeForce RTX 2080
[2020.09.01-15.59.04:544][  0]LogD3D11RHI:   Driver Version: 452.06 (internal:27.21.14.5206, unified:452.06)
[2020.09.01-15.59.04:544][  0]LogD3D11RHI:      Driver Date: 8-12-2020
[2020.09.01-15.59.04:544][  0]LogRHI: Texture pool is 5607 MB (70% of 8010 MB)
[2020.09.01-15.59.04:593][  0]LogD3D11RHI: Async texture creation enabled
[2020.09.01-15.59.04:607][  0]LogD3D11RHI: GPU Timing Frequency: 1000.000000 (Debug: 2 1)
[2020.09.01-15.59.05:011][  0]LogTemp: Display: Loaded TP AllDesktopTargetPlatform
[2020.09.01-15.59.05:024][  0]LogTemp: Display: Loaded TP MacClientTargetPlatform
[2020.09.01-15.59.05:036][  0]LogTemp: Display: Loaded TP MacNoEditorTargetPlatform
[2020.09.01-15.59.05:049][  0]LogTemp: Display: Loaded TP MacServerTargetPlatform
[2020.09.01-15.59.05:062][  0]LogTemp: Display: Loaded TP MacTargetPlatform
[2020.09.01-15.59.05:079][  0]LogTemp: Display: Loaded TP WindowsClientTargetPlatform
[2020.09.01-15.59.05:093][  0]LogTemp: Display: Loaded TP WindowsNoEditorTargetPlatform
[2020.09.01-15.59.05:107][  0]LogTemp: Display: Loaded TP WindowsServerTargetPlatform
[2020.09.01-15.59.05:115][  0]LogTemp: Display: Loaded TP WindowsTargetPlatform
[2020.09.01-15.59.05:177][  0]LogTemp: Display: Loaded TP AndroidTargetPlatform
[2020.09.01-15.59.05:178][  0]LogTemp: Display: Loaded TP AndroidTargetPlatform
[2020.09.01-15.59.05:178][  0]LogTemp: Display: Loaded TP AndroidTargetPlatform
[2020.09.01-15.59.05:178][  0]LogTemp: Display: Loaded TP AndroidTargetPlatform
[2020.09.01-15.59.05:178][  0]LogTemp: Display: Loaded TP AndroidTargetPlatform
[2020.09.01-15.59.05:178][  0]LogTemp: Display: Loaded TP AndroidTargetPlatform
[2020.09.01-15.59.05:178][  0]LogTemp: Display: Loaded TP AndroidTargetPlatform
[2020.09.01-15.59.05:178][  0]LogTemp: Display: Loaded TP AndroidTargetPlatform
[2020.09.01-15.59.05:178][  0]LogTemp: Display: Loaded TP AndroidTargetPlatform
[2020.09.01-15.59.05:178][  0]LogTemp: Display: Loaded TP AndroidTargetPlatform
[2020.09.01-15.59.05:178][  0]LogTemp: Display: Loaded TP AndroidTargetPlatform
[2020.09.01-15.59.05:178][  0]LogTemp: Display: Loaded TP AndroidTargetPlatform
[2020.09.01-15.59.05:178][  0]LogTemp: Display: Loaded TP AndroidTargetPlatform
[2020.09.01-15.59.05:178][  0]LogTemp: Display: Loaded TP AndroidTargetPlatform
[2020.09.01-15.59.05:178][  0]LogTemp: Display: Loaded TP AndroidTargetPlatform
[2020.09.01-15.59.05:179][  0]LogTemp: Display: Loaded TP AndroidTargetPlatform
[2020.09.01-15.59.05:179][  0]LogTemp: Display: Loaded TP AndroidTargetPlatform
[2020.09.01-15.59.05:179][  0]LogTemp: Display: Loaded TP AndroidTargetPlatform
[2020.09.01-15.59.05:182][  0]LogTemp: Display: Loaded TP HTML5TargetPlatform
[2020.09.01-15.59.05:246][  0]LogTemp: Display: Loaded TP IOSTargetPlatform
[2020.09.01-15.59.05:246][  0]LogTemp: Display: Loaded TP IOSTargetPlatform
[2020.09.01-15.59.05:266][  0]LogTemp: Display: Loaded TP TVOSTargetPlatform
[2020.09.01-15.59.05:266][  0]LogTemp: Display: Loaded TP TVOSTargetPlatform
[2020.09.01-15.59.05:277][  0]LogTemp: Display: Loaded TP LinuxClientTargetPlatform
[2020.09.01-15.59.05:290][  0]LogTemp: Display: Loaded TP LinuxNoEditorTargetPlatform
[2020.09.01-15.59.05:303][  0]LogTemp: Display: Loaded TP LinuxServerTargetPlatform
[2020.09.01-15.59.05:315][  0]LogTemp: Display: Loaded TP LinuxTargetPlatform
[2020.09.01-15.59.05:354][  0]LogTemp: Display: Loaded TP LuminTargetPlatform
[2020.09.01-15.59.05:354][  0]LogTemp: Display: Loaded TP LuminTargetPlatform
[2020.09.01-15.59.05:354][  0]LogTargetPlatformManager: Display: Building Assets For Windows
[2020.09.01-15.59.05:453][  0]LogShaderCompilers: Guid format shader working directory is 10 characters bigger than the processId version (D:/Dev/Workspace_Unreal/StealthGame/Intermediate/Shaders/WorkingDirectory/23028/).
[2020.09.01-15.59.05:454][  0]LogShaderCompilers: Cleaned the shader compiler working directory 'C:/Users/maure/AppData/Local/Temp/UnrealShaderWorkingDir/1E4D74234E1B7221CDBF988DE92499C4/'.
[2020.09.01-15.59.05:456][  0]LogXGEController: Cleaning working directory: C:/Users/maure/AppData/Local/Temp/UnrealXGEWorkingDir/
[2020.09.01-15.59.05:456][  0]LogXGEController: Cannot use XGE Controller as Incredibuild is not installed on this machine.
[2020.09.01-15.59.05:456][  0]LogShaderCompilers: Cannot use XGE Shader Compiler as Incredibuild is not installed on this machine.
[2020.09.01-15.59.05:456][  0]LogShaderCompilers: Display: Using Local Shader Compiler.
[2020.09.01-15.59.05:919][  0]LogDerivedDataCache: Display: Max Cache Size: 512 MB
[2020.09.01-15.59.05:966][  0]LogDerivedDataCache: Loaded boot cache 0.05s 73MB C:/Users/maure/AppData/Local/UnrealEngine/4.21/DerivedDataCache/Boot.ddc.
[2020.09.01-15.59.05:966][  0]LogDerivedDataCache: Display: Loaded Boot cache: C:/Users/maure/AppData/Local/UnrealEngine/4.21/DerivedDataCache/Boot.ddc
[2020.09.01-15.59.05:966][  0]LogDerivedDataCache: FDerivedDataBackendGraph:  Pak pak cache file D:/Dev/Workspace_Unreal/StealthGame/DerivedDataCache/DDC.ddp not found, will not use a pak cache.
[2020.09.01-15.59.05:966][  0]LogDerivedDataCache: Unable to find inner node Pak for hierarchical cache Hierarchy.
[2020.09.01-15.59.05:966][  0]LogDerivedDataCache: FDerivedDataBackendGraph:  CompressedPak pak cache file D:/Dev/Workspace_Unreal/StealthGame/DerivedDataCache/Compressed.ddp not found, will not use a pak cache.
[2020.09.01-15.59.05:966][  0]LogDerivedDataCache: Unable to find inner node CompressedPak for hierarchical cache Hierarchy.
[2020.09.01-15.59.05:979][  0]LogDerivedDataCache: Display: Pak cache opened for reading ../../../Engine/DerivedDataCache/Compressed.ddp.
[2020.09.01-15.59.05:979][  0]LogDerivedDataCache: FDerivedDataBackendGraph:  EnterprisePak pak cache file ../../../Enterprise/DerivedDataCache/Compressed.ddp not found, will not use a pak cache.
[2020.09.01-15.59.05:979][  0]LogDerivedDataCache: Unable to find inner node EnterprisePak for hierarchical cache Hierarchy.
[2020.09.01-15.59.05:992][  0]LogDerivedDataCache: Using Local data cache path C:/Users/maure/AppData/Local/UnrealEngine/Common/DerivedDataCache: Writable
[2020.09.01-15.59.05:992][  0]LogDerivedDataCache: Shared data cache path not found in *engine.ini, will not use an Shared cache.
[2020.09.01-15.59.05:992][  0]LogDerivedDataCache: Unable to find inner node Shared for hierarchical cache Hierarchy.
[2020.09.01-15.59.06:009][  0]LogMaterial: Verifying Global Shaders for PCD3D_SM5
[2020.09.01-15.59.06:010][  0]LogSlate: Using FreeType 2.6.0
[2020.09.01-15.59.06:010][  0]LogSlate: SlateFontServices - WITH_FREETYPE: 1, WITH_HARFBUZZ: 1
[2020.09.01-15.59.06:088][  0]LogAssetRegistry: FAssetRegistry took 0.0327 seconds to start up
[2020.09.01-15.59.06:340][  0]LogInit: Selected Device Profile: [Windows]
[2020.09.01-15.59.06:483][  0]LogSimplygon: Simplygon DLL not present - disabling.
[2020.09.01-15.59.06:490][  0]LogMeshReduction: Using SimplygonSwarm for distributed automatic mesh merging
[2020.09.01-15.59.06:490][  0]LogMeshReduction: Using ProxyLODMeshReduction for automatic mesh merging
[2020.09.01-15.59.06:490][  0]LogMeshReduction: Using QuadricMeshReduction for automatic static mesh reduction
[2020.09.01-15.59.06:490][  0]LogMeshReduction: No automatic skeletal mesh reduction module available
[2020.09.01-15.59.06:501][  0]LogNetVersion: FPSGame 1.0.0, NetCL: 4541578, EngineNetVer: 5, GameNetVer: 0 (Checksum: 267577011)
[2020.09.01-15.59.06:933][  0]LogPackageLocalizationCache: Processed 11 localized package path(s) for 2 prioritized culture(s) in 0.098041 seconds
[2020.09.01-15.59.06:940][  0]LogUObjectArray: 39775 objects as part of root set at end of initial load.
[2020.09.01-15.59.06:940][  0]LogUObjectAllocator: 6914664 out of 0 bytes used by permanent object pool.
[2020.09.01-15.59.06:940][  0]LogUObjectArray: CloseDisregardForGC: 0/0 objects in disregard for GC pool
[2020.09.01-15.59.07:828][  0]LogTcpMessaging: Initializing TcpMessaging bridge
[2020.09.01-15.59.07:845][  0]LogUdpMessaging: Initializing bridge on interface 0.0.0.0:0 to multicast group 230.0.0.1:6666.
[2020.09.01-15.59.08:607][  0]SourceControl: Source control is disabled
[2020.09.01-15.59.08:607][  0]SourceControl: Source control is disabled
[2020.09.01-15.59.08:610][  0]SourceControl: Source control is disabled
[2020.09.01-15.59.08:614][  0]SourceControl: Source control is disabled
[2020.09.01-15.59.08:858][  0]LogAndroidPermission: UAndroidPermissionCallbackProxy::GetInstance
[2020.09.01-15.59.08:998][  0]LogOcInput: OculusInput pre-init called
[2020.09.01-15.59.09:139][  0]LogEngine: Initializing Engine...
[2020.09.01-15.59.09:140][  0]LogHMD: Failed to initialize OpenVR with code 110
[2020.09.01-15.59.09:142][  0]LogStats: UGameplayTagsManager::ConstructGameplayTagTree: ImportINI prefixes -  0.000 s
[2020.09.01-15.59.09:142][  0]LogStats: UGameplayTagsManager::ConstructGameplayTagTree: Construct from data asset -  0.000 s
[2020.09.01-15.59.09:142][  0]LogStats: UGameplayTagsManager::ConstructGameplayTagTree: ImportINI -  0.000 s
[2020.09.01-15.59.09:142][  0]LogStats: UGameplayTagsManager::ConstructGameplayTagTree: GameplayTagTreeChangedEvent.Broadcast -  0.000 s
[2020.09.01-15.59.09:333][  0]LogInit: Initializing FReadOnlyCVARCache
[2020.09.01-15.59.09:345][  0]LogAIModule: Creating AISystem for world Untitled
[2020.09.01-15.59.09:390][  0]LogInit: XAudio2 using 'Casque pour téléphone (HyperX Virtual Surround Sound)' : 2 channels at 48 kHz using 16 bits per sample (channel mask 0x3)
[2020.09.01-15.59.09:416][  0]LogInit: FAudioDevice initialized.
[2020.09.01-15.59.09:417][  0]LogNetVersion: Set ProjectVersion to 1.0.0.0. Version Checksum will be recalculated on next use.
[2020.09.01-15.59.09:472][  0]LogDerivedDataCache: Saved boot cache 0.06s 73MB C:/Users/maure/AppData/Local/UnrealEngine/4.21/DerivedDataCache/Boot.ddc.
[2020.09.01-15.59.09:474][  0]LogInit: Texture streaming: Enabled
[2020.09.01-15.59.09:498][  0]LogEngineSessionManager: EngineSessionManager initialized
[2020.09.01-15.59.09:508][  0]LogInit: Transaction tracking system initialized
[2020.09.01-15.59.09:540][  0]BlueprintLog: New page: Editor Load
[2020.09.01-15.59.09:688][  0]LocalizationService: Localization service is disabled
[2020.09.01-15.59.10:144][  0]LogFileCache: Scanning file cache for directory 'D:/Dev/Workspace_Unreal/StealthGame/Content/' took 0.01s
[2020.09.01-15.59.10:144][  0]LogCook: Display: Max memory allowance for cook 16384mb min free memory 0mb
[2020.09.01-15.59.10:144][  0]LogCook: Display: Mobile HDR setting 1
[2020.09.01-15.59.10:144][  0]LogGameplayTags: Display: UGameplayTagsManager::DoneAddingNativeTags. DelegateIsBound: 0
[2020.09.01-15.59.10:145][  0]LogStats: UGameplayTagsManager::ConstructGameplayTagTree: ImportINI prefixes -  0.000 s
[2020.09.01-15.59.10:145][  0]LogStats: UGameplayTagsManager::ConstructGameplayTagTree: Construct from data asset -  0.000 s
[2020.09.01-15.59.10:145][  0]LogStats: UGameplayTagsManager::ConstructGameplayTagTree: ImportINI -  0.000 s
[2020.09.01-15.59.10:145][  0]LogStats: UGameplayTagsManager::ConstructGameplayTagTree: GameplayTagTreeChangedEvent.Broadcast -  0.000 s
[2020.09.01-15.59.10:326][  0]SourceControl: Source control is disabled
[2020.09.01-15.59.10:327][  0]Cmd: MAP LOAD FILE="D:/Dev/Workspace_Unreal/StealthGame/Content/Maps/FirstPersonExampleMap.umap" TEMPLATE=0 SHOWPROGRESS=1 FEATURELEVEL=3
[2020.09.01-15.59.10:327][  0]LightingResults: New page: Lighting Build
[2020.09.01-15.59.10:329][  0]MapCheck: New page: Map Check
[2020.09.01-15.59.10:329][  0]LightingResults: New page: Lighting Build
[2020.09.01-15.59.10:580][  0]LogAIModule: Creating AISystem for world FirstPersonExampleMap
[2020.09.01-15.59.10:591][  0]LogEditorServer: Finished looking for orphan Actors (0.000 secs)
[2020.09.01-15.59.10:612][  0]Cmd: MAP CHECKDEP NOCLEARLOG
[2020.09.01-15.59.10:613][  0]MapCheck: Map check complete: 0 Error(s), 0 Warning(s), took 0.08ms to complete.
[2020.09.01-15.59.10:613][  0]LogFileHelpers: Loading map 'FirstPersonExampleMap' took 0.286
[2020.09.01-15.59.10:724][  0]LogSlate: Updating window title bar state: overlay mode, drag disabled, window buttons hidden, title bar hidden
[2020.09.01-15.59.10:729][  0]LogSlate: Updating window title bar state: overlay mode, drag disabled, window buttons hidden, title bar hidden
[2020.09.01-15.59.10:735][  0]LogSlate: Updating window title bar state: overlay mode, drag disabled, window buttons hidden, title bar hidden
[2020.09.01-15.59.10:741][  0]LogSlate: Updating window title bar state: overlay mode, drag disabled, window buttons hidden, title bar hidden
[2020.09.01-15.59.10:747][  0]LogCollectionManager: Loaded 0 collections in 0.001274 seconds
[2020.09.01-15.59.10:802][  0]LogFileCache: Scanning file cache for directory 'D:/Dev/Workspace_Unreal/StealthGame/Saved/Collections/' took 0.01s
[2020.09.01-15.59.10:802][  0]LogFileCache: Scanning file cache for directory 'D:/Dev/Workspace_Unreal/StealthGame/Content/Developers/maure/Collections/' took 0.01s
[2020.09.01-15.59.10:802][  0]LogFileCache: Scanning file cache for directory 'D:/Dev/Workspace_Unreal/StealthGame/Content/Collections/' took 0.02s
[2020.09.01-15.59.10:802][  0]LogCollectionManager: Rebuilt the GUID cache for 0 collections in 0.000000 seconds
[2020.09.01-15.59.10:814][  0]LogContentBrowser: Native class hierarchy populated in 0.0112 seconds. Added 2660 classes and 623 folders.
[2020.09.01-15.59.10:821][  0]LogContentBrowser: Native class hierarchy updated for 'WidgetCarousel' in 0.0003 seconds. Added 0 classes and 0 folders.
[2020.09.01-15.59.10:823][  0]LogPakFile: Registered encryption key '00000000000000000000000000000000': 0 pak files mounted, 0 remain pending
[2020.09.01-15.59.10:824][  0]LogPakFile: Registered encryption key '00000000000000000000000000000000': 0 pak files mounted, 0 remain pending
[2020.09.01-15.59.10:824][  0]LogPakFile: Registered encryption key '00000000000000000000000000000000': 0 pak files mounted, 0 remain pending
[2020.09.01-15.59.10:825][  0]LogPakFile: Registered encryption key '00000000000000000000000000000000': 0 pak files mounted, 0 remain pending
[2020.09.01-15.59.10:825][  0]LogPakFile: Registered encryption key '00000000000000000000000000000000': 0 pak files mounted, 0 remain pending
[2020.09.01-15.59.10:826][  0]LogPakFile: Registered encryption key '00000000000000000000000000000000': 0 pak files mounted, 0 remain pending
[2020.09.01-15.59.10:826][  0]LogPakFile: Registered encryption key '00000000000000000000000000000000': 0 pak files mounted, 0 remain pending
[2020.09.01-15.59.10:826][  0]LogPakFile: Registered encryption key '00000000000000000000000000000000': 0 pak files mounted, 0 remain pending
[2020.09.01-15.59.10:827][  0]LogPakFile: Registered encryption key '00000000000000000000000000000000': 0 pak files mounted, 0 remain pending
[2020.09.01-15.59.10:827][  0]LogPakFile: Registered encryption key '00000000000000000000000000000000': 0 pak files mounted, 0 remain pending
[2020.09.01-15.59.10:828][  0]LogPakFile: Registered encryption key '00000000000000000000000000000000': 0 pak files mounted, 0 remain pending
[2020.09.01-15.59.10:828][  0]LogPakFile: Registered encryption key '00000000000000000000000000000000': 0 pak files mounted, 0 remain pending
[2020.09.01-15.59.10:829][  0]LogPakFile: Registered encryption key '00000000000000000000000000000000': 0 pak files mounted, 0 remain pending
[2020.09.01-15.59.10:829][  0]LogPakFile: Registered encryption key '00000000000000000000000000000000': 0 pak files mounted, 0 remain pending
[2020.09.01-15.59.10:830][  0]LogPakFile: Registered encryption key '00000000000000000000000000000000': 0 pak files mounted, 0 remain pending
[2020.09.01-15.59.10:830][  0]LogPakFile: Registered encryption key '00000000000000000000000000000000': 0 pak files mounted, 0 remain pending
[2020.09.01-15.59.10:831][  0]LogPakFile: Registered encryption key '00000000000000000000000000000000': 0 pak files mounted, 0 remain pending
[2020.09.01-15.59.10:831][  0]LogPakFile: Registered encryption key '00000000000000000000000000000000': 0 pak files mounted, 0 remain pending
[2020.09.01-15.59.10:832][  0]LogPakFile: Registered encryption key '00000000000000000000000000000000': 0 pak files mounted, 0 remain pending
[2020.09.01-15.59.10:832][  0]LogPakFile: Registered encryption key '00000000000000000000000000000000': 0 pak files mounted, 0 remain pending
[2020.09.01-15.59.10:832][  0]LogPakFile: Registered encryption key '00000000000000000000000000000000': 0 pak files mounted, 0 remain pending
[2020.09.01-15.59.10:833][  0]LogPakFile: Registered encryption key '00000000000000000000000000000000': 0 pak files mounted, 0 remain pending
[2020.09.01-15.59.10:833][  0]LogPakFile: Registered encryption key '00000000000000000000000000000000': 0 pak files mounted, 0 remain pending
[2020.09.01-15.59.10:834][  0]LogPakFile: Registered encryption key '00000000000000000000000000000000': 0 pak files mounted, 0 remain pending
[2020.09.01-15.59.10:834][  0]LogPakFile: Registered encryption key '00000000000000000000000000000000': 0 pak files mounted, 0 remain pending
[2020.09.01-15.59.10:835][  0]LogPakFile: Registered encryption key '00000000000000000000000000000000': 0 pak files mounted, 0 remain pending
[2020.09.01-15.59.10:861][  0]LogContentBrowser: Native class hierarchy updated for 'AddContentDialog' in 0.0003 seconds. Added 0 classes and 0 folders.
[2020.09.01-15.59.10:867][  0]LogContentBrowser: Native class hierarchy updated for 'SceneOutliner' in 0.0003 seconds. Added 1 classes and 2 folders.
[2020.09.01-15.59.10:881][  0]LogSlate: Took 0.000163 seconds to synchronously load lazily loaded font '../../../Engine/Content/Slate/Fonts/Roboto-Regular.ttf' (155K)
[2020.09.01-15.59.10:883][  0]LogSlate: Took 0.000152 seconds to synchronously load lazily loaded font '../../../Engine/Content/Slate/Fonts/Roboto-Bold.ttf' (160K)
[2020.09.01-15.59.10:887][  0]LogSlate: Took 0.000183 seconds to synchronously load lazily loaded font '../../../Engine/Content/Editor/Slate/Fonts/FontAwesome.ttf' (139K)
[2020.09.01-15.59.10:949][  0]LogRenderer: Reallocating scene render targets to support 1208x576 Format 10 NumSamples 1 (Frame:1).
[2020.09.01-15.59.11:053][  0]LogContentBrowser: Native class hierarchy updated for 'HierarchicalLODOutliner' in 0.0003 seconds. Added 0 classes and 0 folders.
[2020.09.01-15.59.11:053][  0]LogLoad: (Engine Initialization) Total time: 9.21 seconds
[2020.09.01-15.59.11:053][  0]LogLoad: (Engine Initialization) Total Blueprint compile time: 0.00 seconds
[2020.09.01-15.59.11:109][  0]LogContentStreaming: Texture pool size now 1000 MB
[2020.09.01-15.59.11:139][  0]LogSlate: Took 0.000137 seconds to synchronously load lazily loaded font '../../../Engine/Content/Slate/Fonts/Roboto-Light.ttf' (167K)
[2020.09.01-15.59.11:159][  1]LogAssetRegistry: Asset discovery search completed in 5.0953 seconds
[2020.09.01-15.59.11:161][  1]LogCollectionManager: Rebuilt the object cache for 0 collections in 0.000000 seconds (found 0 objects)
[2020.09.01-15.59.11:161][  1]LogCollectionManager: Fixed up redirectors for 0 collections in 0.000178 seconds (updated 0 objects)
[2020.09.01-15.59.16:478][633]LogSlate: FSceneViewport::OnFocusLost() reason 0
[2020.09.01-15.59.16:587][646]LogTemp: Repeating last play command: Selected Viewport
[2020.09.01-15.59.16:595][646]LogBlueprintUserMessages: Early PlayInEditor Detection: Level '/Game/Maps/FirstPersonExampleMap.FirstPersonExampleMap:PersistentLevel' has LevelScriptBlueprint '/Game/Maps/FirstPersonExampleMap.FirstPersonExampleMap:PersistentLevel.FirstPersonExampleMap' with GeneratedClass '/Game/Maps/FirstPersonExampleMap.FirstPersonExampleMap_C' with ClassGeneratedBy '/Game/Maps/FirstPersonExampleMap.FirstPersonExampleMap:PersistentLevel.FirstPersonExampleMap'
[2020.09.01-15.59.16:595][646]LogPlayLevel: PlayLevel: No blueprints needed recompiling
[2020.09.01-15.59.16:596][646]PIE: New page: PIE session: FirstPersonExampleMap (Sep 1, 2020, 7:59:16 PM)
[2020.09.01-15.59.16:609][646]LogPlayLevel: Creating play world package: /Game/Maps/UEDPIE_0_FirstPersonExampleMap
[2020.09.01-15.59.16:627][646]LogPlayLevel: PIE: StaticDuplicateObject took: (0.018160s)
[2020.09.01-15.59.16:627][646]LogAIModule: Creating AISystem for world FirstPersonExampleMap
[2020.09.01-15.59.16:628][646]LogPlayLevel: PIE: World Init took: (0.000733s)
[2020.09.01-15.59.16:628][646]LogPlayLevel: PIE: Created PIE world by copying editor world from /Game/Maps/FirstPersonExampleMap.FirstPersonExampleMap to /Game/Maps/UEDPIE_0_FirstPersonExampleMap.FirstPersonExampleMap (0.019457s)
[2020.09.01-15.59.16:679][646]LogInit: XAudio2 using 'Casque pour téléphone (HyperX Virtual Surround Sound)' : 2 channels at 48 kHz using 16 bits per sample (channel mask 0x3)
[2020.09.01-15.59.16:692][646]LogInit: FAudioDevice initialized.
[2020.09.01-15.59.16:737][646]LogLoad: Game class is 'BP_GameMode_C'
[2020.09.01-15.59.16:739][646]LogWorld: Bringing World /Game/Maps/UEDPIE_0_FirstPersonExampleMap.FirstPersonExampleMap up for play (max tick rate 0) at 2020.09.01-17.59.16
[2020.09.01-15.59.16:740][646]LogWorld: Bringing up level for play took: 0.002176
[2020.09.01-15.59.16:757][646]LogContentBrowser: Native class hierarchy updated for 'MovieSceneCapture' in 0.0003 seconds. Added 20 classes and 0 folders.
[2020.09.01-15.59.16:759][646]PIE: Play in editor start time for /Game/Maps/UEDPIE_0_FirstPersonExampleMap -0.383
[2020.09.01-15.59.16:759][646]LogBlueprintUserMessages: Late PlayInEditor Detection: Level '/Game/Maps/FirstPersonExampleMap.FirstPersonExampleMap:PersistentLevel' has LevelScriptBlueprint '/Game/Maps/FirstPersonExampleMap.FirstPersonExampleMap:PersistentLevel.FirstPersonExampleMap' with GeneratedClass '/Game/Maps/FirstPersonExampleMap.FirstPersonExampleMap_C' with ClassGeneratedBy '/Game/Maps/FirstPersonExampleMap.FirstPersonExampleMap:PersistentLevel.FirstPersonExampleMap'
[2020.09.01-15.59.38:977][308]LogBlueprintUserMessages: Early EndPlayMap Detection: Level '/Game/Maps/FirstPersonExampleMap.FirstPersonExampleMap:PersistentLevel' has LevelScriptBlueprint '/Game/Maps/FirstPersonExampleMap.FirstPersonExampleMap:PersistentLevel.FirstPersonExampleMap' with GeneratedClass '/Game/Maps/FirstPersonExampleMap.FirstPersonExampleMap_C' with ClassGeneratedBy '/Game/Maps/FirstPersonExampleMap.FirstPersonExampleMap:PersistentLevel.FirstPersonExampleMap'
[2020.09.01-15.59.38:977][308]LogSlate: Updating window title bar state: overlay mode, drag disabled, window buttons hidden, title bar hidden
[2020.09.01-15.59.39:013][308]LogPlayLevel: Display: Shutting down PIE online subsystems
[2020.09.01-15.59.39:014][308]LogBlueprintUserMessages: Late EndPlayMap Detection: Level '/Game/Maps/FirstPersonExampleMap.FirstPersonExampleMap:PersistentLevel' has LevelScriptBlueprint '/Game/Maps/FirstPersonExampleMap.FirstPersonExampleMap:PersistentLevel.FirstPersonExampleMap' with GeneratedClass '/Game/Maps/FirstPersonExampleMap.FirstPersonExampleMap_C' with ClassGeneratedBy '/Game/Maps/FirstPersonExampleMap.FirstPersonExampleMap:PersistentLevel.FirstPersonExampleMap'
[2020.09.01-15.59.39:038][308]LogSlate: Updating window title bar state: overlay mode, drag disabled, window buttons hidden, title bar hidden
[2020.09.01-15.59.39:080][311]LogPlayLevel: Display: Destroying online subsystem :Context_3
[2020.09.01-15.59.44:720][987]LogSlate: FSceneViewport::OnFocusLost() reason 0
[2020.09.01-15.59.46:420][187]LogSlate: Took 0.000164 seconds to synchronously load lazily loaded font '../../../Engine/Content/Slate/Fonts/Roboto-Light.ttf' (167K)
[2020.09.01-15.59.46:427][187]LogAssetEditorManager: Opening Asset editor for Blueprint /Game/Blueprints/BP_Guard.BP_Guard
[2020.09.01-15.59.46:738][187]LogContentBrowser: Native class hierarchy updated for 'BlueprintGraph' in 0.0005 seconds. Added 117 classes and 0 folders.
[2020.09.01-15.59.57:458][392]Cmd: OBJ SAVEPACKAGE PACKAGE="/Game/Blueprints/BP_Guard" FILE="D:/Dev/Workspace_Unreal/StealthGame/Content/Blueprints/BP_Guard.uasset" SILENT=true
[2020.09.01-15.59.57:475][392]LogSavePackage: Moving 'D:/Dev/Workspace_Unreal/StealthGame/Saved/BP_Guard2D91976C4FF00936814EE5A172F9B948.tmp' to 'D:/Dev/Workspace_Unreal/StealthGame/Content/Blueprints/BP_Guard.uasset'
[2020.09.01-15.59.58:359][497]BlueprintLog: New page: Compile BP_Guard
[2020.09.01-16.00.00:602][733]Cmd: OBJ SAVEPACKAGE PACKAGE="/Game/Maps/FirstPersonExampleMap" FILE="D:/Dev/Workspace_Unreal/StealthGame/Content/Maps/FirstPersonExampleMap.umap" SILENT=true AUTOSAVING=false KEEPDIRTY=false
[2020.09.01-16.00.00:790][733]LogSavePackage: Moving 'D:/Dev/Workspace_Unreal/StealthGame/Saved/FirstPersonExampleMap07A7AB2044A99D18F6F34FA0155F883C.tmp' to 'D:/Dev/Workspace_Unreal/StealthGame/Content/Maps/FirstPersonExampleMap.umap'
[2020.09.01-16.00.00:809][733]Cmd: OBJ SAVEPACKAGE PACKAGE="/Game/Maps/FirstPersonExampleMap_BuiltData" FILE="D:/Dev/Workspace_Unreal/StealthGame/Content/Maps/FirstPersonExampleMap_BuiltData.uasset" SILENT=true
[2020.09.01-16.00.00:887][733]LogSavePackage: Moving 'D:/Dev/Workspace_Unreal/StealthGame/Saved/FirstPersonExampleMap_BuiltData0D7D150F47F42970B365A6BD635B3BA0.tmp' to 'D:/Dev/Workspace_Unreal/StealthGame/Content/Maps/FirstPersonExampleMap_BuiltData.uasset'
[2020.09.01-16.00.32:295][484]LogSlate: Window 'FPSGame - Unreal Editor' being destroyed
[2020.09.01-16.00.32:296][484]LogWindowsTextInputMethodSystem: Display: IME system now deactivated.
[2020.09.01-16.00.32:456][485]Cmd: QUIT_EDITOR
[2020.09.01-16.00.33:264][485]LogExit: Preparing to exit.
