Log file open, 08/31/20 21:06:01
LogWindows: Failed to load 'aqProf.dll' (GetLastError=126)
LogWindows: File 'aqProf.dll' does not exist
LogWindows: Failed to load 'VtuneApi.dll' (GetLastError=126)
LogWindows: File 'VtuneApi.dll' does not exist
LogWindows: Failed to load 'VtuneApi32e.dll' (GetLastError=126)
LogWindows: File 'VtuneApi32e.dll' does not exist
LogConsoleResponse: Display: Failed to find resolution value strings in scalability ini. Falling back to default.
LogInit: Display: Running engine for game: FPSGame
LogPakFile: Registered encryption key '00000000000000000000000000000000': 0 pak files mounted, 0 remain pending
LogPlatformFile: Not using cached read wrapper
LogTaskGraph: Started task graph with 5 named threads and 35 total threads with 3 sets of task threads.
LogStats: Stats thread started at 0.520454
LogD3D11RHI: Loaded GFSDK_Aftermath_Lib.x64.dll
LogICUInternationalization: ICU TimeZone Detection - Raw Offset: +1:00, Platform Override: ''
LogPluginManager: Mounting plugin Paper2D
LogPluginManager: Mounting plugin AISupport
LogPluginManager: Mounting plugin LightPropagationVolume
LogPluginManager: Mounting plugin ActorLayerUtilities
LogPluginManager: Mounting plugin CLionSourceCodeAccess
LogPluginManager: Mounting plugin CodeLiteSourceCodeAccess
LogPluginManager: Mounting plugin GitSourceControl
LogPluginManager: Mounting plugin KDevelopSourceCodeAccess
LogPluginManager: Mounting plugin NullSourceCodeAccess
LogPluginManager: Mounting plugin PerforceSourceControl
LogPluginManager: Mounting plugin SubversionSourceControl
LogPluginManager: Mounting plugin UObjectPlugin
LogPluginManager: Mounting plugin VisualStudioCodeSourceCodeAccess
LogPluginManager: Mounting plugin VisualStudioSourceCodeAccess
LogPluginManager: Mounting plugin XCodeSourceCodeAccess
LogPluginManager: Mounting plugin AssetManagerEditor
LogPluginManager: Mounting plugin CryptoKeys
LogPluginManager: Mounting plugin DataValidation
LogPluginManager: Mounting plugin FacialAnimation
LogPluginManager: Mounting plugin GameplayTagsEditor
LogPluginManager: Mounting plugin MacGraphicsSwitching
LogPluginManager: Mounting plugin MeshEditor
LogPluginManager: Mounting plugin MobileLauncherProfileWizard
LogPluginManager: Mounting plugin PluginBrowser
LogPluginManager: Mounting plugin SpeedTreeImporter
LogPluginManager: Mounting plugin DatasmithContent
LogPluginManager: Mounting plugin VariantManagerContent
LogPluginManager: Mounting plugin AlembicImporter
LogPluginManager: Mounting plugin AppleImageUtils
LogPluginManager: Mounting plugin AppleVision
LogPluginManager: Mounting plugin BackChannel
LogPluginManager: Mounting plugin CharacterAI
LogPluginManager: Mounting plugin GeometryCache
LogPluginManager: Mounting plugin HTML5Networking
LogPluginManager: Mounting plugin ProxyLODPlugin
LogPluginManager: Mounting plugin MagicLeap
LogPluginManager: Mounting plugin MagicLeapMedia
LogPluginManager: Mounting plugin AndroidMedia
LogPluginManager: Mounting plugin AvfMedia
LogPluginManager: Mounting plugin ImgMedia
LogPluginManager: Mounting plugin LinearTimecode
LogPluginManager: Mounting plugin MediaCompositing
LogPluginManager: Mounting plugin MediaPlayerEditor
LogPluginManager: Mounting plugin WebMMedia
LogPluginManager: Mounting plugin WmfMedia
LogPluginManager: Mounting plugin TcpMessaging
LogPluginManager: Mounting plugin UdpMessaging
LogPluginManager: Mounting plugin ActorSequence
LogPluginManager: Mounting plugin LevelSequenceEditor
LogPluginManager: Mounting plugin MatineeToLevelSequence
LogPluginManager: Mounting plugin NetcodeUnitTest
LogPluginManager: Mounting plugin NUTUnrealEngine4
LogPluginManager: Mounting plugin OnlineSubsystemGooglePlay
LogPluginManager: Mounting plugin OnlineSubsystemIOS
LogPluginManager: Mounting plugin OnlineSubsystem
LogPluginManager: Mounting plugin OnlineSubsystemNull
LogPluginManager: Mounting plugin OnlineSubsystemUtils
LogPluginManager: Mounting plugin LauncherChunkInstaller
LogPluginManager: Mounting plugin AndroidDeviceProfileSelector
LogPluginManager: Mounting plugin AndroidMoviePlayer
LogPluginManager: Mounting plugin AndroidPermission
LogPluginManager: Mounting plugin AppleMoviePlayer
LogPluginManager: Mounting plugin ArchVisCharacter
LogPluginManager: Mounting plugin AudioCapture
LogPluginManager: Mounting plugin CableComponent
LogPluginManager: Mounting plugin CustomMeshComponent
LogPluginManager: Mounting plugin EditableMesh
LogPluginManager: Mounting plugin ExampleDeviceProfileSelector
LogPluginManager: Mounting plugin Firebase
LogPluginManager: Mounting plugin GoogleCloudMessaging
LogPluginManager: Mounting plugin IOSDeviceProfileSelector
LogPluginManager: Mounting plugin LinuxDeviceProfileSelector
LogPluginManager: Mounting plugin LocationServicesBPLibrary
LogPluginManager: Mounting plugin MobilePatchingUtils
LogPluginManager: Mounting plugin OculusVR
LogPluginManager: Mounting plugin PhysXVehicles
LogPluginManager: Mounting plugin ProceduralMeshComponent
LogPluginManager: Mounting plugin RuntimePhysXCooking
LogPluginManager: Mounting plugin SteamVR
LogPluginManager: Mounting plugin WebMMoviePlayer
LogPluginManager: Mounting plugin WindowsMoviePlayer
LogStreaming: Display: Took  0.121s to configure plugins.
LogInit: Using libcurl 7.55.1-DEV
LogInit:  - built for x86_64-pc-win32
LogInit:  - supports SSL with OpenSSL/1.0.2h
LogInit:  - supports HTTP deflate (compression) using libz 1.2.8
LogInit:  - other features:
LogInit:      CURL_VERSION_SSL
LogInit:      CURL_VERSION_LIBZ
LogInit:      CURL_VERSION_IPV6
LogInit:      CURL_VERSION_ASYNCHDNS
LogInit:      CURL_VERSION_LARGEFILE
LogInit:      CURL_VERSION_IDN
LogInit:  CurlRequestOptions (configurable via config and command line):
LogInit:  - bVerifyPeer = true  - Libcurl will verify peer certificate
LogInit:  - bUseHttpProxy = false  - Libcurl will NOT use HTTP proxy
LogInit:  - bDontReuseConnections = false  - Libcurl will reuse connections
LogInit:  - MaxHostConnections = 16  - Libcurl will limit the number of connections to a host
LogInit:  - LocalHostAddr = Default
LogInit:  - BufferSize = 65536
LogInit: WinSock: version 1.1 (2.2), MaxSocks=32767, MaxUdp=65467
LogInit: Build: ++UE4+Release-4.21-CL-4613538
LogInit: Engine Version: 4.21.1-4613538+++UE4+Release-4.21
LogInit: Compatible Engine Version: 4.21.0-4541578+++UE4+Release-4.21
LogInit: Net CL: 4541578
LogInit: OS: Windows 10 (), CPU: Intel(R) Core(TM) i7-8700K CPU @ 3.70GHz, GPU: NVIDIA GeForce RTX 2080
LogInit: Compiled (64-bit): Nov 30 2018 04:13:25
LogInit: Compiled with Visual C++: 19.13.26129.00
LogInit: Build Configuration: Development
LogInit: Branch Name: ++UE4+Release-4.21
LogInit: Command Line: 
LogInit: Base Directory: C:/Program Files (x86)/Epic Games/UE_4.21/Engine/Binaries/Win64/
LogInit: Installed Engine Build: 1
LogDevObjectVersion: Number of dev versions registered: 22
LogDevObjectVersion:   Dev-Blueprints (B0D832E4-1F89-4F0D-ACCF-7EB736FD4AA2): 10
LogDevObjectVersion:   Dev-Build (E1C64328-A22C-4D53-A36C-8E866417BD8C): 0
LogDevObjectVersion:   Dev-Core (375EC13C-06E4-48FB-B500-84F0262A717E): 2
LogDevObjectVersion:   Dev-Editor (E4B068ED-F494-42E9-A231-DA0B2E46BB41): 26
LogDevObjectVersion:   Dev-Framework (CFFC743F-43B0-4480-9391-14DF171D2073): 34
LogDevObjectVersion:   Dev-Mobile (B02B49B5-BB20-44E9-A304-32B752E40360): 2
LogDevObjectVersion:   Dev-Networking (A4E4105C-59A1-49B5-A7C5-40C4547EDFEE): 0
LogDevObjectVersion:   Dev-Online (39C831C9-5AE6-47DC-9A44-9C173E1C8E7C): 0
LogDevObjectVersion:   Dev-Physics (78F01B33-EBEA-4F98-B9B4-84EACCB95AA2): 0
LogDevObjectVersion:   Dev-Platform (6631380F-2D4D-43E0-8009-CF276956A95A): 0
LogDevObjectVersion:   Dev-Rendering (12F88B9F-8875-4AFC-A67C-D90C383ABD29): 27
LogDevObjectVersion:   Dev-Sequencer (7B5AE74C-D270-4C10-A958-57980B212A5A): 9
LogDevObjectVersion:   Dev-VR (D7296918-1DD6-4BDD-9DE2-64A83CC13884): 2
LogDevObjectVersion:   Dev-LoadTimes (C2A15278-BFE7-4AFE-6C17-90FF531DF755): 1
LogDevObjectVersion:   Private-Geometry (6EACA3D4-40EC-4CC1-B786-8BED09428FC5): 3
LogDevObjectVersion:   Dev-AnimPhys (29E575DD-E0A3-4627-9D10-D276232CDCEA): 17
LogDevObjectVersion:   Dev-Anim (AF43A65D-7FD3-4947-9873-3E8ED9C1BB05): 2
LogDevObjectVersion:   Dev-ReflectionCapture (6B266CEC-1EC7-4B8F-A30B-E4D90942FC07): 1
LogDevObjectVersion:   Dev-Automation (0DF73D61-A23F-47EA-B727-89E90C41499A): 1
LogDevObjectVersion:   FortniteMain (601D1886-AC64-4F84-AA16-D3DE0DEAC7D6): 17
LogDevObjectVersion:   Dev-Enterprise (9DFFBCD6-494F-0158-E221-12823C92A888): 4
LogDevObjectVersion:   Dev-Niagara (F2AED0AC-9AFE-416F-8664-AA7FFA26D6FC): 1
LogStreaming: Display: Took  0.003s to delete old logs.
LogInit: Presizing for max 8388607 objects, including 0 objects not considered by GC, pre-allocating 0 bytes for permanent pool.
LogInit: Object subsystem initialized
LogConfig: Setting CVar [[con.DebugEarlyDefault:1]]
LogConfig: Setting CVar [[r.setres:1280x720]]
[2020.08.31-19.06.01:723][  0]LogConfig: Setting CVar [[r.VSync:0]]
[2020.08.31-19.06.01:723][  0]LogConfig: Setting CVar [[r.RHICmdBypass:0]]
[2020.08.31-19.06.01:723][  0]LogConfig: Applying CVar settings from Section [/Script/Engine.RendererSettings] File [D:/Dev/Workspace_Unreal/StealthGame/Saved/Config/Windows/Engine.ini]
[2020.08.31-19.06.01:723][  0]LogConfig: Setting CVar [[r.GPUCrashDebugging:0]]
[2020.08.31-19.06.01:723][  0]LogConfig: Applying CVar settings from Section [/Script/Engine.RendererOverrideSettings] File [D:/Dev/Workspace_Unreal/StealthGame/Saved/Config/Windows/Engine.ini]
[2020.08.31-19.06.01:723][  0]LogConfig: Applying CVar settings from Section [/Script/Engine.StreamingSettings] File [D:/Dev/Workspace_Unreal/StealthGame/Saved/Config/Windows/Engine.ini]
[2020.08.31-19.06.01:723][  0]LogConfig: Setting CVar [[s.MinBulkDataSizeForAsyncLoading:131072]]
[2020.08.31-19.06.01:723][  0]LogConfig: Setting CVar [[s.AsyncLoadingThreadEnabled:0]]
[2020.08.31-19.06.01:723][  0]LogConfig: Setting CVar [[s.EventDrivenLoaderEnabled:1]]
[2020.08.31-19.06.01:723][  0]LogConfig: Setting CVar [[s.WarnIfTimeLimitExceeded:0]]
[2020.08.31-19.06.01:723][  0]LogConfig: Setting CVar [[s.TimeLimitExceededMultiplier:1.5]]
[2020.08.31-19.06.01:723][  0]LogConfig: Setting CVar [[s.TimeLimitExceededMinTime:0.005]]
[2020.08.31-19.06.01:723][  0]LogConfig: Setting CVar [[s.UseBackgroundLevelStreaming:1]]
[2020.08.31-19.06.01:723][  0]LogConfig: Setting CVar [[s.PriorityAsyncLoadingExtraTime:15.0]]
[2020.08.31-19.06.01:723][  0]LogConfig: Setting CVar [[s.LevelStreamingActorsUpdateTimeLimit:5.0]]
[2020.08.31-19.06.01:723][  0]LogConfig: Setting CVar [[s.PriorityLevelStreamingActorsUpdateExtraTime:5.0]]
[2020.08.31-19.06.01:723][  0]LogConfig: Setting CVar [[s.LevelStreamingComponentsRegistrationGranularity:10]]
[2020.08.31-19.06.01:723][  0]LogConfig: Setting CVar [[s.UnregisterComponentsTimeLimit:1.0]]
[2020.08.31-19.06.01:723][  0]LogConfig: Setting CVar [[s.LevelStreamingComponentsUnregistrationGranularity:5]]
[2020.08.31-19.06.01:723][  0]LogConfig: Applying CVar settings from Section [/Script/Engine.GarbageCollectionSettings] File [D:/Dev/Workspace_Unreal/StealthGame/Saved/Config/Windows/Engine.ini]
[2020.08.31-19.06.01:723][  0]LogConfig: Setting CVar [[gc.MaxObjectsNotConsideredByGC:1]]
[2020.08.31-19.06.01:723][  0]LogConfig: Setting CVar [[gc.SizeOfPermanentObjectPool:0]]
[2020.08.31-19.06.01:723][  0]LogConfig: Setting CVar [[gc.FlushStreamingOnGC:0]]
[2020.08.31-19.06.01:723][  0]LogConfig: Setting CVar [[gc.NumRetriesBeforeForcingGC:10]]
[2020.08.31-19.06.01:723][  0]LogConfig: Setting CVar [[gc.AllowParallelGC:1]]
[2020.08.31-19.06.01:724][  0]LogConfig: Setting CVar [[gc.TimeBetweenPurgingPendingKillObjects:61.1]]
[2020.08.31-19.06.01:724][  0]LogConfig: Setting CVar [[gc.MaxObjectsInEditor:8388607]]
[2020.08.31-19.06.01:724][  0]LogConfig: Setting CVar [[gc.IncrementalBeginDestroyEnabled:1]]
[2020.08.31-19.06.01:724][  0]LogConfig: Setting CVar [[gc.CreateGCClusters:1]]
[2020.08.31-19.06.01:724][  0]LogConfig: Setting CVar [[gc.MergeGCClusters:0]]
[2020.08.31-19.06.01:724][  0]LogConfig: Setting CVar [[gc.MinGCClusterSize:5]]
[2020.08.31-19.06.01:724][  0]LogConfig: Setting CVar [[gc.ActorClusteringEnabled:0]]
[2020.08.31-19.06.01:724][  0]LogConfig: Setting CVar [[gc.BlueprintClusteringEnabled:0]]
[2020.08.31-19.06.01:724][  0]LogConfig: Setting CVar [[gc.UseDisregardForGCOnDedicatedServers:0]]
[2020.08.31-19.06.01:724][  0]LogConfig: Applying CVar settings from Section [/Script/Engine.NetworkSettings] File [D:/Dev/Workspace_Unreal/StealthGame/Saved/Config/Windows/Engine.ini]
[2020.08.31-19.06.01:724][  0]LogConfig: Applying CVar settings from Section [/Script/UnrealEd.CookerSettings] File [D:/Dev/Workspace_Unreal/StealthGame/Saved/Config/Windows/Engine.ini]
[2020.08.31-19.06.01:728][  0]LogConfig: Applying CVar settings from Section [ViewDistanceQuality@3] File [D:/Dev/Workspace_Unreal/StealthGame/Saved/Config/Windows/Scalability.ini]
[2020.08.31-19.06.01:728][  0]LogConfig: Setting CVar [[r.SkeletalMeshLODBias:0]]
[2020.08.31-19.06.01:728][  0]LogConfig: Setting CVar [[r.ViewDistanceScale:1.0]]
[2020.08.31-19.06.01:728][  0]LogConfig: Applying CVar settings from Section [AntiAliasingQuality@3] File [D:/Dev/Workspace_Unreal/StealthGame/Saved/Config/Windows/Scalability.ini]
[2020.08.31-19.06.01:728][  0]LogConfig: Setting CVar [[r.PostProcessAAQuality:4]]
[2020.08.31-19.06.01:728][  0]LogConfig: Applying CVar settings from Section [ShadowQuality@3] File [D:/Dev/Workspace_Unreal/StealthGame/Saved/Config/Windows/Scalability.ini]
[2020.08.31-19.06.01:728][  0]LogConfig: Setting CVar [[r.LightFunctionQuality:1]]
[2020.08.31-19.06.01:728][  0]LogConfig: Setting CVar [[r.ShadowQuality:5]]
[2020.08.31-19.06.01:728][  0]LogConfig: Setting CVar [[r.Shadow.CSM.MaxCascades:10]]
[2020.08.31-19.06.01:728][  0]LogConfig: Setting CVar [[r.Shadow.MaxResolution:2048]]
[2020.08.31-19.06.01:728][  0]LogConfig: Setting CVar [[r.Shadow.MaxCSMResolution:2048]]
[2020.08.31-19.06.01:728][  0]LogConfig: Setting CVar [[r.Shadow.RadiusThreshold:0.01]]
[2020.08.31-19.06.01:728][  0]LogConfig: Setting CVar [[r.Shadow.DistanceScale:1.0]]
[2020.08.31-19.06.01:728][  0]LogConfig: Setting CVar [[r.Shadow.CSM.TransitionScale:1.0]]
[2020.08.31-19.06.01:728][  0]LogConfig: Setting CVar [[r.Shadow.PreShadowResolutionFactor:1.0]]
[2020.08.31-19.06.01:728][  0]LogConfig: Setting CVar [[r.DistanceFieldShadowing:1]]
[2020.08.31-19.06.01:728][  0]LogConfig: Setting CVar [[r.DistanceFieldAO:1]]
[2020.08.31-19.06.01:728][  0]LogConfig: Setting CVar [[r.AOQuality:2]]
[2020.08.31-19.06.01:728][  0]LogConfig: Setting CVar [[r.VolumetricFog:1]]
[2020.08.31-19.06.01:728][  0]LogConfig: Setting CVar [[r.VolumetricFog.GridPixelSize:8]]
[2020.08.31-19.06.01:728][  0]LogConfig: Setting CVar [[r.VolumetricFog.GridSizeZ:128]]
[2020.08.31-19.06.01:728][  0]LogConfig: Setting CVar [[r.VolumetricFog.HistoryMissSupersampleCount:4]]
[2020.08.31-19.06.01:728][  0]LogConfig: Setting CVar [[r.LightMaxDrawDistanceScale:1]]
[2020.08.31-19.06.01:728][  0]LogConfig: Setting CVar [[r.CapsuleShadows:1]]
[2020.08.31-19.06.01:728][  0]LogConfig: Applying CVar settings from Section [PostProcessQuality@3] File [D:/Dev/Workspace_Unreal/StealthGame/Saved/Config/Windows/Scalability.ini]
[2020.08.31-19.06.01:728][  0]LogConfig: Setting CVar [[r.MotionBlurQuality:4]]
[2020.08.31-19.06.01:728][  0]LogConfig: Setting CVar [[r.AmbientOcclusionMipLevelFactor:0.4]]
[2020.08.31-19.06.01:728][  0]LogConfig: Setting CVar [[r.AmbientOcclusionMaxQuality:100]]
[2020.08.31-19.06.01:728][  0]LogConfig: Setting CVar [[r.AmbientOcclusionLevels:-1]]
[2020.08.31-19.06.01:728][  0]LogConfig: Setting CVar [[r.AmbientOcclusionRadiusScale:1.0]]
[2020.08.31-19.06.01:728][  0]LogConfig: Setting CVar [[r.DepthOfFieldQuality:2]]
[2020.08.31-19.06.01:728][  0]LogConfig: Setting CVar [[r.RenderTargetPoolMin:400]]
[2020.08.31-19.06.01:728][  0]LogConfig: Setting CVar [[r.LensFlareQuality:2]]
[2020.08.31-19.06.01:728][  0]LogConfig: Setting CVar [[r.SceneColorFringeQuality:1]]
[2020.08.31-19.06.01:728][  0]LogConfig: Setting CVar [[r.EyeAdaptationQuality:2]]
[2020.08.31-19.06.01:728][  0]LogConfig: Setting CVar [[r.BloomQuality:5]]
[2020.08.31-19.06.01:728][  0]LogConfig: Setting CVar [[r.FastBlurThreshold:100]]
[2020.08.31-19.06.01:728][  0]LogConfig: Setting CVar [[r.Upscale.Quality:3]]
[2020.08.31-19.06.01:728][  0]LogConfig: Setting CVar [[r.Tonemapper.GrainQuantization:1]]
[2020.08.31-19.06.01:728][  0]LogConfig: Setting CVar [[r.LightShaftQuality:1]]
[2020.08.31-19.06.01:728][  0]LogConfig: Setting CVar [[r.Filter.SizeScale:1]]
[2020.08.31-19.06.01:728][  0]LogConfig: Setting CVar [[r.Tonemapper.Quality:5]]
[2020.08.31-19.06.01:728][  0]LogConfig: Setting CVar [[r.DOF.Gather.AccumulatorQuality:1        ; higher gathering accumulator quality]]
[2020.08.31-19.06.01:728][  0]LogConfig: Setting CVar [[r.DOF.Gather.PostfilterMethod:1          ; Median3x3 postfilering method]]
[2020.08.31-19.06.01:728][  0]LogConfig: Setting CVar [[r.DOF.Gather.EnableBokehSettings:0       ; no bokeh simulation when gathering]]
[2020.08.31-19.06.01:728][  0]LogConfig: Setting CVar [[r.DOF.Gather.RingCount:4                 ; medium number of samples when gathering]]
[2020.08.31-19.06.01:728][  0]LogConfig: Setting CVar [[r.DOF.Scatter.ForegroundCompositing:1    ; additive foreground scattering]]
[2020.08.31-19.06.01:728][  0]LogConfig: Setting CVar [[r.DOF.Scatter.BackgroundCompositing:2    ; additive background scattering]]
[2020.08.31-19.06.01:728][  0]LogConfig: Setting CVar [[r.DOF.Scatter.EnableBokehSettings:1      ; bokeh simulation when scattering]]
[2020.08.31-19.06.01:728][  0]LogConfig: Setting CVar [[r.DOF.Scatter.MaxSpriteRatio:0.1         ; only a maximum of 10% of scattered bokeh]]
[2020.08.31-19.06.01:728][  0]LogConfig: Setting CVar [[r.DOF.Recombine.Quality:1                ; cheap slight out of focus]]
[2020.08.31-19.06.01:729][  0]LogConfig: Setting CVar [[r.DOF.Recombine.EnableBokehSettings:0    ; no bokeh simulation on slight out of focus]]
[2020.08.31-19.06.01:729][  0]LogConfig: Setting CVar [[r.DOF.TemporalAAQuality:1                ; more stable temporal accumulation]]
[2020.08.31-19.06.01:729][  0]LogConfig: Setting CVar [[r.DOF.Kernel.MaxForegroundRadius:0.025]]
[2020.08.31-19.06.01:729][  0]LogConfig: Setting CVar [[r.DOF.Kernel.MaxBackgroundRadius:0.025]]
[2020.08.31-19.06.01:729][  0]LogConfig: Applying CVar settings from Section [TextureQuality@3] File [D:/Dev/Workspace_Unreal/StealthGame/Saved/Config/Windows/Scalability.ini]
[2020.08.31-19.06.01:729][  0]LogConfig: Setting CVar [[r.Streaming.MipBias:0]]
[2020.08.31-19.06.01:729][  0]LogConfig: Setting CVar [[r.Streaming.AmortizeCPUToGPUCopy:0]]
[2020.08.31-19.06.01:729][  0]LogConfig: Setting CVar [[r.Streaming.MaxNumTexturesToStreamPerFrame:0]]
[2020.08.31-19.06.01:729][  0]LogConfig: Setting CVar [[r.Streaming.Boost:1]]
[2020.08.31-19.06.01:729][  0]LogConfig: Setting CVar [[r.MaxAnisotropy:8]]
[2020.08.31-19.06.01:729][  0]LogConfig: Setting CVar [[r.Streaming.LimitPoolSizeToVRAM:0]]
[2020.08.31-19.06.01:729][  0]LogConfig: Setting CVar [[r.Streaming.PoolSize:1000]]
[2020.08.31-19.06.01:729][  0]LogConfig: Setting CVar [[r.Streaming.MaxEffectiveScreenSize:0]]
[2020.08.31-19.06.01:729][  0]LogConfig: Applying CVar settings from Section [EffectsQuality@3] File [D:/Dev/Workspace_Unreal/StealthGame/Saved/Config/Windows/Scalability.ini]
[2020.08.31-19.06.01:729][  0]LogConfig: Setting CVar [[r.TranslucencyLightingVolumeDim:64]]
[2020.08.31-19.06.01:729][  0]LogConfig: Setting CVar [[r.RefractionQuality:2]]
[2020.08.31-19.06.01:729][  0]LogConfig: Setting CVar [[r.SSR.Quality:3]]
[2020.08.31-19.06.01:729][  0]LogConfig: Setting CVar [[r.SceneColorFormat:4]]
[2020.08.31-19.06.01:729][  0]LogConfig: Setting CVar [[r.DetailMode:2]]
[2020.08.31-19.06.01:729][  0]LogConfig: Setting CVar [[r.TranslucencyVolumeBlur:1]]
[2020.08.31-19.06.01:729][  0]LogConfig: Setting CVar [[r.MaterialQualityLevel:1 ; High quality]]
[2020.08.31-19.06.01:729][  0]LogConfig: Setting CVar [[r.SSS.Scale:1]]
[2020.08.31-19.06.01:729][  0]LogConfig: Setting CVar [[r.SSS.SampleSet:2]]
[2020.08.31-19.06.01:729][  0]LogConfig: Setting CVar [[r.SSS.Quality:1]]
[2020.08.31-19.06.01:729][  0]LogConfig: Setting CVar [[r.SSS.HalfRes:1]]
[2020.08.31-19.06.01:729][  0]LogConfig: Setting CVar [[r.EmitterSpawnRateScale:1.0]]
[2020.08.31-19.06.01:729][  0]LogConfig: Setting CVar [[r.ParticleLightQuality:2]]
[2020.08.31-19.06.01:729][  0]LogConfig: Applying CVar settings from Section [FoliageQuality@3] File [D:/Dev/Workspace_Unreal/StealthGame/Saved/Config/Windows/Scalability.ini]
[2020.08.31-19.06.01:729][  0]LogConfig: Setting CVar [[foliage.DensityScale:1.0]]
[2020.08.31-19.06.01:729][  0]LogConfig: Setting CVar [[grass.DensityScale:1.0]]
[2020.08.31-19.06.01:729][  0]LogInit: Selected Device Profile: [Windows]
[2020.08.31-19.06.01:729][  0]LogInit: Applying CVar settings loaded from the selected device profile: [Windows]
[2020.08.31-19.06.01:747][  0]LogHAL: Display: Platform has ~ 16 GB [17115275264 / 17179869184 / 16], which maps to Larger [LargestMinGB=32, LargerMinGB=12, DefaultMinGB=8, SmallerMinGB=6, SmallestMinGB=0)
[2020.08.31-19.06.01:747][  0]LogConfig: Setting CVar [[r.Vulkan.UseRealUBs:1]]
[2020.08.31-19.06.01:747][  0]LogInit: Going up to parent DeviceProfile []
[2020.08.31-19.06.01:747][  0]LogConfig: Applying CVar settings from Section [ViewDistanceQuality@3] File [D:/Dev/Workspace_Unreal/StealthGame/Saved/Config/Windows/Scalability.ini]
[2020.08.31-19.06.01:747][  0]LogConfig: Setting CVar [[r.SkeletalMeshLODBias:0]]
[2020.08.31-19.06.01:747][  0]LogConfig: Setting CVar [[r.ViewDistanceScale:1.0]]
[2020.08.31-19.06.01:747][  0]LogConfig: Applying CVar settings from Section [AntiAliasingQuality@3] File [D:/Dev/Workspace_Unreal/StealthGame/Saved/Config/Windows/Scalability.ini]
[2020.08.31-19.06.01:747][  0]LogConfig: Setting CVar [[r.PostProcessAAQuality:4]]
[2020.08.31-19.06.01:747][  0]LogConfig: Applying CVar settings from Section [ShadowQuality@3] File [D:/Dev/Workspace_Unreal/StealthGame/Saved/Config/Windows/Scalability.ini]
[2020.08.31-19.06.01:747][  0]LogConfig: Setting CVar [[r.LightFunctionQuality:1]]
[2020.08.31-19.06.01:747][  0]LogConfig: Setting CVar [[r.ShadowQuality:5]]
[2020.08.31-19.06.01:747][  0]LogConfig: Setting CVar [[r.Shadow.CSM.MaxCascades:10]]
[2020.08.31-19.06.01:747][  0]LogConfig: Setting CVar [[r.Shadow.MaxResolution:2048]]
[2020.08.31-19.06.01:747][  0]LogConfig: Setting CVar [[r.Shadow.MaxCSMResolution:2048]]
[2020.08.31-19.06.01:747][  0]LogConfig: Setting CVar [[r.Shadow.RadiusThreshold:0.01]]
[2020.08.31-19.06.01:747][  0]LogConfig: Setting CVar [[r.Shadow.DistanceScale:1.0]]
[2020.08.31-19.06.01:747][  0]LogConfig: Setting CVar [[r.Shadow.CSM.TransitionScale:1.0]]
[2020.08.31-19.06.01:747][  0]LogConfig: Setting CVar [[r.Shadow.PreShadowResolutionFactor:1.0]]
[2020.08.31-19.06.01:747][  0]LogConfig: Setting CVar [[r.DistanceFieldShadowing:1]]
[2020.08.31-19.06.01:747][  0]LogConfig: Setting CVar [[r.DistanceFieldAO:1]]
[2020.08.31-19.06.01:747][  0]LogConfig: Setting CVar [[r.AOQuality:2]]
[2020.08.31-19.06.01:747][  0]LogConfig: Setting CVar [[r.VolumetricFog:1]]
[2020.08.31-19.06.01:747][  0]LogConfig: Setting CVar [[r.VolumetricFog.GridPixelSize:8]]
[2020.08.31-19.06.01:747][  0]LogConfig: Setting CVar [[r.VolumetricFog.GridSizeZ:128]]
[2020.08.31-19.06.01:747][  0]LogConfig: Setting CVar [[r.VolumetricFog.HistoryMissSupersampleCount:4]]
[2020.08.31-19.06.01:747][  0]LogConfig: Setting CVar [[r.LightMaxDrawDistanceScale:1]]
[2020.08.31-19.06.01:747][  0]LogConfig: Setting CVar [[r.CapsuleShadows:1]]
[2020.08.31-19.06.01:747][  0]LogConfig: Applying CVar settings from Section [PostProcessQuality@3] File [D:/Dev/Workspace_Unreal/StealthGame/Saved/Config/Windows/Scalability.ini]
[2020.08.31-19.06.01:747][  0]LogConfig: Setting CVar [[r.MotionBlurQuality:4]]
[2020.08.31-19.06.01:747][  0]LogConfig: Setting CVar [[r.AmbientOcclusionMipLevelFactor:0.4]]
[2020.08.31-19.06.01:747][  0]LogConfig: Setting CVar [[r.AmbientOcclusionMaxQuality:100]]
[2020.08.31-19.06.01:747][  0]LogConfig: Setting CVar [[r.AmbientOcclusionLevels:-1]]
[2020.08.31-19.06.01:747][  0]LogConfig: Setting CVar [[r.AmbientOcclusionRadiusScale:1.0]]
[2020.08.31-19.06.01:747][  0]LogConfig: Setting CVar [[r.DepthOfFieldQuality:2]]
[2020.08.31-19.06.01:747][  0]LogConfig: Setting CVar [[r.RenderTargetPoolMin:400]]
[2020.08.31-19.06.01:747][  0]LogConfig: Setting CVar [[r.LensFlareQuality:2]]
[2020.08.31-19.06.01:747][  0]LogConfig: Setting CVar [[r.SceneColorFringeQuality:1]]
[2020.08.31-19.06.01:747][  0]LogConfig: Setting CVar [[r.EyeAdaptationQuality:2]]
[2020.08.31-19.06.01:747][  0]LogConfig: Setting CVar [[r.BloomQuality:5]]
[2020.08.31-19.06.01:747][  0]LogConfig: Setting CVar [[r.FastBlurThreshold:100]]
[2020.08.31-19.06.01:747][  0]LogConfig: Setting CVar [[r.Upscale.Quality:3]]
[2020.08.31-19.06.01:747][  0]LogConfig: Setting CVar [[r.Tonemapper.GrainQuantization:1]]
[2020.08.31-19.06.01:747][  0]LogConfig: Setting CVar [[r.LightShaftQuality:1]]
[2020.08.31-19.06.01:747][  0]LogConfig: Setting CVar [[r.Filter.SizeScale:1]]
[2020.08.31-19.06.01:747][  0]LogConfig: Setting CVar [[r.Tonemapper.Quality:5]]
[2020.08.31-19.06.01:747][  0]LogConfig: Setting CVar [[r.DOF.Gather.AccumulatorQuality:1        ; higher gathering accumulator quality]]
[2020.08.31-19.06.01:747][  0]LogConfig: Setting CVar [[r.DOF.Gather.PostfilterMethod:1          ; Median3x3 postfilering method]]
[2020.08.31-19.06.01:747][  0]LogConfig: Setting CVar [[r.DOF.Gather.EnableBokehSettings:0       ; no bokeh simulation when gathering]]
[2020.08.31-19.06.01:747][  0]LogConfig: Setting CVar [[r.DOF.Gather.RingCount:4                 ; medium number of samples when gathering]]
[2020.08.31-19.06.01:747][  0]LogConfig: Setting CVar [[r.DOF.Scatter.ForegroundCompositing:1    ; additive foreground scattering]]
[2020.08.31-19.06.01:747][  0]LogConfig: Setting CVar [[r.DOF.Scatter.BackgroundCompositing:2    ; additive background scattering]]
[2020.08.31-19.06.01:747][  0]LogConfig: Setting CVar [[r.DOF.Scatter.EnableBokehSettings:1      ; bokeh simulation when scattering]]
[2020.08.31-19.06.01:747][  0]LogConfig: Setting CVar [[r.DOF.Scatter.MaxSpriteRatio:0.1         ; only a maximum of 10% of scattered bokeh]]
[2020.08.31-19.06.01:747][  0]LogConfig: Setting CVar [[r.DOF.Recombine.Quality:1                ; cheap slight out of focus]]
[2020.08.31-19.06.01:747][  0]LogConfig: Setting CVar [[r.DOF.Recombine.EnableBokehSettings:0    ; no bokeh simulation on slight out of focus]]
[2020.08.31-19.06.01:747][  0]LogConfig: Setting CVar [[r.DOF.TemporalAAQuality:1                ; more stable temporal accumulation]]
[2020.08.31-19.06.01:747][  0]LogConfig: Setting CVar [[r.DOF.Kernel.MaxForegroundRadius:0.025]]
[2020.08.31-19.06.01:747][  0]LogConfig: Setting CVar [[r.DOF.Kernel.MaxBackgroundRadius:0.025]]
[2020.08.31-19.06.01:747][  0]LogConfig: Applying CVar settings from Section [TextureQuality@3] File [D:/Dev/Workspace_Unreal/StealthGame/Saved/Config/Windows/Scalability.ini]
[2020.08.31-19.06.01:747][  0]LogConfig: Setting CVar [[r.Streaming.MipBias:0]]
[2020.08.31-19.06.01:747][  0]LogConfig: Setting CVar [[r.Streaming.AmortizeCPUToGPUCopy:0]]
[2020.08.31-19.06.01:747][  0]LogConfig: Setting CVar [[r.Streaming.MaxNumTexturesToStreamPerFrame:0]]
[2020.08.31-19.06.01:747][  0]LogConfig: Setting CVar [[r.Streaming.Boost:1]]
[2020.08.31-19.06.01:747][  0]LogConfig: Setting CVar [[r.MaxAnisotropy:8]]
[2020.08.31-19.06.01:748][  0]LogConfig: Setting CVar [[r.Streaming.LimitPoolSizeToVRAM:0]]
[2020.08.31-19.06.01:748][  0]LogConfig: Setting CVar [[r.Streaming.PoolSize:1000]]
[2020.08.31-19.06.01:748][  0]LogConfig: Setting CVar [[r.Streaming.MaxEffectiveScreenSize:0]]
[2020.08.31-19.06.01:748][  0]LogConfig: Applying CVar settings from Section [EffectsQuality@3] File [D:/Dev/Workspace_Unreal/StealthGame/Saved/Config/Windows/Scalability.ini]
[2020.08.31-19.06.01:748][  0]LogConfig: Setting CVar [[r.TranslucencyLightingVolumeDim:64]]
[2020.08.31-19.06.01:748][  0]LogConfig: Setting CVar [[r.RefractionQuality:2]]
[2020.08.31-19.06.01:748][  0]LogConfig: Setting CVar [[r.SSR.Quality:3]]
[2020.08.31-19.06.01:748][  0]LogConfig: Setting CVar [[r.SceneColorFormat:4]]
[2020.08.31-19.06.01:748][  0]LogConfig: Setting CVar [[r.DetailMode:2]]
[2020.08.31-19.06.01:748][  0]LogConfig: Setting CVar [[r.TranslucencyVolumeBlur:1]]
[2020.08.31-19.06.01:748][  0]LogConfig: Setting CVar [[r.MaterialQualityLevel:1 ; High quality]]
[2020.08.31-19.06.01:748][  0]LogConfig: Setting CVar [[r.SSS.Scale:1]]
[2020.08.31-19.06.01:748][  0]LogConfig: Setting CVar [[r.SSS.SampleSet:2]]
[2020.08.31-19.06.01:748][  0]LogConfig: Setting CVar [[r.SSS.Quality:1]]
[2020.08.31-19.06.01:748][  0]LogConfig: Setting CVar [[r.SSS.HalfRes:1]]
[2020.08.31-19.06.01:748][  0]LogConfig: Setting CVar [[r.EmitterSpawnRateScale:1.0]]
[2020.08.31-19.06.01:748][  0]LogConfig: Setting CVar [[r.ParticleLightQuality:2]]
[2020.08.31-19.06.01:748][  0]LogConfig: Applying CVar settings from Section [FoliageQuality@3] File [D:/Dev/Workspace_Unreal/StealthGame/Saved/Config/Windows/Scalability.ini]
[2020.08.31-19.06.01:748][  0]LogConfig: Setting CVar [[foliage.DensityScale:1.0]]
[2020.08.31-19.06.01:748][  0]LogConfig: Setting CVar [[grass.DensityScale:1.0]]
[2020.08.31-19.06.01:748][  0]LogConfig: Applying CVar settings from Section [Startup] File [../../../Engine/Config/ConsoleVariables.ini]
[2020.08.31-19.06.01:749][  0]LogConfig: Setting CVar [[net.UseAdaptiveNetUpdateFrequency:0]]
[2020.08.31-19.06.01:749][  0]LogConfig: Applying CVar settings from Section [ConsoleVariables] File [D:/Dev/Workspace_Unreal/StealthGame/Saved/Config/Windows/Engine.ini]
[2020.08.31-19.06.01:749][  0]LogInit: Computer: DESKTOP-MAUREL
[2020.08.31-19.06.01:749][  0]LogInit: User: maure
[2020.08.31-19.06.01:749][  0]LogInit: CPU Page size=4096, Cores=6
[2020.08.31-19.06.01:749][  0]LogInit: High frequency timer resolution =10.000000 MHz
[2020.08.31-19.06.01:750][  0]LogMemory: Memory total: Physical=15.9GB (16GB approx)
[2020.08.31-19.06.01:750][  0]LogMemory: Platform Memory Stats for Windows
[2020.08.31-19.06.01:750][  0]LogMemory: Process Physical Memory: 105.20 MB used, 105.21 MB peak
[2020.08.31-19.06.01:750][  0]LogMemory: Process Virtual Memory: 96.09 MB used, 96.09 MB peak
[2020.08.31-19.06.01:750][  0]LogMemory: Physical Memory: 7211.28 MB used,  9111.12 MB free, 16322.40 MB total
[2020.08.31-19.06.01:750][  0]LogMemory: Virtual Memory: 4652.97 MB used,  134213072.00 MB free, 134217728.00 MB total
[2020.08.31-19.06.01:932][  0]LogInit: Using OS detected language (en-US).
[2020.08.31-19.06.01:932][  0]LogInit: Using OS detected locale (en-US).
[2020.08.31-19.06.01:932][  0]LogTextLocalizationManager: No specific localization for 'en-US' exists, so the 'en' localization will be used.
[2020.08.31-19.06.02:334][  0]LogStreaming: Display: Took  0.403s to InitEngineTextLocalization.
[2020.08.31-19.06.02:334][  0]LogInit: Setting process to per monitor DPI aware
[2020.08.31-19.06.02:384][  0]LogSlate: New Slate User Created.  User Index 0, Is Virtual User: 0
[2020.08.31-19.06.02:384][  0]LogSlate: Slate User Registered.  User Index 0, Is Virtual User: 0
[2020.08.31-19.06.03:303][  0]LogHMD: Failed to initialize OpenVR with code 110
[2020.08.31-19.06.03:303][  0]LogD3D11RHI: D3D11 adapters:
[2020.08.31-19.06.03:364][  0]LogD3D11RHI:    0. 'NVIDIA GeForce RTX 2080' (Feature Level 11_0)
[2020.08.31-19.06.03:364][  0]LogD3D11RHI:       8010/0/8161 MB DedicatedVideo/DedicatedSystem/SharedSystem, Outputs:2, VendorId:0x10de
[2020.08.31-19.06.03:367][  0]LogD3D11RHI:    1. 'Microsoft Basic Render Driver' (Feature Level 11_0)
[2020.08.31-19.06.03:367][  0]LogD3D11RHI:       0/0/8161 MB DedicatedVideo/DedicatedSystem/SharedSystem, Outputs:0, VendorId:0x1414
[2020.08.31-19.06.03:367][  0]LogD3D11RHI: Chosen D3D11 Adapter: 0
[2020.08.31-19.06.03:374][  0]LogD3D11RHI: Creating new Direct3DDevice
[2020.08.31-19.06.03:374][  0]LogD3D11RHI:     GPU DeviceId: 0x1e87 (for the marketing name, search the web for "GPU Device Id")
[2020.08.31-19.06.03:374][  0]LogWindows: EnumDisplayDevices:
[2020.08.31-19.06.03:374][  0]LogWindows:    0. 'NVIDIA GeForce RTX 2080' (P:1 D:1)
[2020.08.31-19.06.03:375][  0]LogWindows:    1. 'NVIDIA GeForce RTX 2080' (P:0 D:1)
[2020.08.31-19.06.03:375][  0]LogWindows:    2. 'NVIDIA GeForce RTX 2080' (P:0 D:0)
[2020.08.31-19.06.03:375][  0]LogWindows:    3. 'NVIDIA GeForce RTX 2080' (P:0 D:0)
[2020.08.31-19.06.03:376][  0]LogWindows: DebugString: FoundDriverCount:4 
[2020.08.31-19.06.03:376][  0]LogD3D11RHI:     Adapter Name: NVIDIA GeForce RTX 2080
[2020.08.31-19.06.03:376][  0]LogD3D11RHI:   Driver Version: 452.06 (internal:27.21.14.5206, unified:452.06)
[2020.08.31-19.06.03:376][  0]LogD3D11RHI:      Driver Date: 8-12-2020
[2020.08.31-19.06.03:376][  0]LogRHI: Texture pool is 5607 MB (70% of 8010 MB)
[2020.08.31-19.06.03:418][  0]LogD3D11RHI: Async texture creation enabled
[2020.08.31-19.06.03:434][  0]LogD3D11RHI: GPU Timing Frequency: 1000.000000 (Debug: 2 1)
[2020.08.31-19.06.04:055][  0]LogTemp: Display: Loaded TP AllDesktopTargetPlatform
[2020.08.31-19.06.04:071][  0]LogTemp: Display: Loaded TP MacClientTargetPlatform
[2020.08.31-19.06.04:089][  0]LogTemp: Display: Loaded TP MacNoEditorTargetPlatform
[2020.08.31-19.06.04:106][  0]LogTemp: Display: Loaded TP MacServerTargetPlatform
[2020.08.31-19.06.04:127][  0]LogTemp: Display: Loaded TP MacTargetPlatform
[2020.08.31-19.06.04:144][  0]LogTemp: Display: Loaded TP WindowsClientTargetPlatform
[2020.08.31-19.06.04:162][  0]LogTemp: Display: Loaded TP WindowsNoEditorTargetPlatform
[2020.08.31-19.06.04:180][  0]LogTemp: Display: Loaded TP WindowsServerTargetPlatform
[2020.08.31-19.06.04:194][  0]LogTemp: Display: Loaded TP WindowsTargetPlatform
[2020.08.31-19.06.04:265][  0]LogTemp: Display: Loaded TP AndroidTargetPlatform
[2020.08.31-19.06.04:265][  0]LogTemp: Display: Loaded TP AndroidTargetPlatform
[2020.08.31-19.06.04:265][  0]LogTemp: Display: Loaded TP AndroidTargetPlatform
[2020.08.31-19.06.04:265][  0]LogTemp: Display: Loaded TP AndroidTargetPlatform
[2020.08.31-19.06.04:265][  0]LogTemp: Display: Loaded TP AndroidTargetPlatform
[2020.08.31-19.06.04:265][  0]LogTemp: Display: Loaded TP AndroidTargetPlatform
[2020.08.31-19.06.04:265][  0]LogTemp: Display: Loaded TP AndroidTargetPlatform
[2020.08.31-19.06.04:265][  0]LogTemp: Display: Loaded TP AndroidTargetPlatform
[2020.08.31-19.06.04:265][  0]LogTemp: Display: Loaded TP AndroidTargetPlatform
[2020.08.31-19.06.04:265][  0]LogTemp: Display: Loaded TP AndroidTargetPlatform
[2020.08.31-19.06.04:266][  0]LogTemp: Display: Loaded TP AndroidTargetPlatform
[2020.08.31-19.06.04:266][  0]LogTemp: Display: Loaded TP AndroidTargetPlatform
[2020.08.31-19.06.04:266][  0]LogTemp: Display: Loaded TP AndroidTargetPlatform
[2020.08.31-19.06.04:266][  0]LogTemp: Display: Loaded TP AndroidTargetPlatform
[2020.08.31-19.06.04:266][  0]LogTemp: Display: Loaded TP AndroidTargetPlatform
[2020.08.31-19.06.04:266][  0]LogTemp: Display: Loaded TP AndroidTargetPlatform
[2020.08.31-19.06.04:266][  0]LogTemp: Display: Loaded TP AndroidTargetPlatform
[2020.08.31-19.06.04:266][  0]LogTemp: Display: Loaded TP AndroidTargetPlatform
[2020.08.31-19.06.04:275][  0]LogTemp: Display: Loaded TP HTML5TargetPlatform
[2020.08.31-19.06.04:357][  0]LogTemp: Display: Loaded TP IOSTargetPlatform
[2020.08.31-19.06.04:357][  0]LogTemp: Display: Loaded TP IOSTargetPlatform
[2020.08.31-19.06.04:382][  0]LogTemp: Display: Loaded TP TVOSTargetPlatform
[2020.08.31-19.06.04:382][  0]LogTemp: Display: Loaded TP TVOSTargetPlatform
[2020.08.31-19.06.04:403][  0]LogTemp: Display: Loaded TP LinuxClientTargetPlatform
[2020.08.31-19.06.04:421][  0]LogTemp: Display: Loaded TP LinuxNoEditorTargetPlatform
[2020.08.31-19.06.04:438][  0]LogTemp: Display: Loaded TP LinuxServerTargetPlatform
[2020.08.31-19.06.04:460][  0]LogTemp: Display: Loaded TP LinuxTargetPlatform
[2020.08.31-19.06.04:502][  0]LogTemp: Display: Loaded TP LuminTargetPlatform
[2020.08.31-19.06.04:502][  0]LogTemp: Display: Loaded TP LuminTargetPlatform
[2020.08.31-19.06.04:502][  0]LogTargetPlatformManager: Display: Building Assets For Windows
[2020.08.31-19.06.04:725][  0]LogShaderCompilers: Guid format shader working directory is 11 characters bigger than the processId version (D:/Dev/Workspace_Unreal/StealthGame/Intermediate/Shaders/WorkingDirectory/1248/).
[2020.08.31-19.06.04:725][  0]LogShaderCompilers: Cleaned the shader compiler working directory 'C:/Users/maure/AppData/Local/Temp/UnrealShaderWorkingDir/6B42CDBC434DE3D413DC0A9AA7C2C368/'.
[2020.08.31-19.06.04:727][  0]LogXGEController: Cleaning working directory: C:/Users/maure/AppData/Local/Temp/UnrealXGEWorkingDir/
[2020.08.31-19.06.04:727][  0]LogXGEController: Cannot use XGE Controller as Incredibuild is not installed on this machine.
[2020.08.31-19.06.04:727][  0]LogShaderCompilers: Cannot use XGE Shader Compiler as Incredibuild is not installed on this machine.
[2020.08.31-19.06.04:727][  0]LogShaderCompilers: Display: Using Local Shader Compiler.
[2020.08.31-19.06.05:564][  0]LogDerivedDataCache: Display: Max Cache Size: 512 MB
[2020.08.31-19.06.05:646][  0]LogDerivedDataCache: Loaded boot cache 0.08s 73MB C:/Users/maure/AppData/Local/UnrealEngine/4.21/DerivedDataCache/Boot.ddc.
[2020.08.31-19.06.05:646][  0]LogDerivedDataCache: Display: Loaded Boot cache: C:/Users/maure/AppData/Local/UnrealEngine/4.21/DerivedDataCache/Boot.ddc
[2020.08.31-19.06.05:646][  0]LogDerivedDataCache: FDerivedDataBackendGraph:  Pak pak cache file D:/Dev/Workspace_Unreal/StealthGame/DerivedDataCache/DDC.ddp not found, will not use a pak cache.
[2020.08.31-19.06.05:646][  0]LogDerivedDataCache: Unable to find inner node Pak for hierarchical cache Hierarchy.
[2020.08.31-19.06.05:646][  0]LogDerivedDataCache: FDerivedDataBackendGraph:  CompressedPak pak cache file D:/Dev/Workspace_Unreal/StealthGame/DerivedDataCache/Compressed.ddp not found, will not use a pak cache.
[2020.08.31-19.06.05:646][  0]LogDerivedDataCache: Unable to find inner node CompressedPak for hierarchical cache Hierarchy.
[2020.08.31-19.06.05:662][  0]LogDerivedDataCache: Display: Pak cache opened for reading ../../../Engine/DerivedDataCache/Compressed.ddp.
[2020.08.31-19.06.05:662][  0]LogDerivedDataCache: FDerivedDataBackendGraph:  EnterprisePak pak cache file ../../../Enterprise/DerivedDataCache/Compressed.ddp not found, will not use a pak cache.
[2020.08.31-19.06.05:662][  0]LogDerivedDataCache: Unable to find inner node EnterprisePak for hierarchical cache Hierarchy.
[2020.08.31-19.06.05:674][  0]LogDerivedDataCache: Using Local data cache path C:/Users/maure/AppData/Local/UnrealEngine/Common/DerivedDataCache: Writable
[2020.08.31-19.06.05:674][  0]LogDerivedDataCache: Shared data cache path not found in *engine.ini, will not use an Shared cache.
[2020.08.31-19.06.05:674][  0]LogDerivedDataCache: Unable to find inner node Shared for hierarchical cache Hierarchy.
[2020.08.31-19.06.05:691][  0]LogMaterial: Verifying Global Shaders for PCD3D_SM5
[2020.08.31-19.06.05:692][  0]LogSlate: Using FreeType 2.6.0
[2020.08.31-19.06.05:697][  0]LogSlate: SlateFontServices - WITH_FREETYPE: 1, WITH_HARFBUZZ: 1
[2020.08.31-19.06.05:899][  0]LogAssetRegistry: FAssetRegistry took 0.0302 seconds to start up
[2020.08.31-19.06.06:148][  0]LogInit: Selected Device Profile: [Windows]
[2020.08.31-19.06.06:386][  0]LogSimplygon: Simplygon DLL not present - disabling.
[2020.08.31-19.06.06:419][  0]LogMeshReduction: Using SimplygonSwarm for distributed automatic mesh merging
[2020.08.31-19.06.06:420][  0]LogMeshReduction: Using ProxyLODMeshReduction for automatic mesh merging
[2020.08.31-19.06.06:420][  0]LogMeshReduction: Using QuadricMeshReduction for automatic static mesh reduction
[2020.08.31-19.06.06:420][  0]LogMeshReduction: No automatic skeletal mesh reduction module available
[2020.08.31-19.06.06:442][  0]LogNetVersion: FPSGame 1.0.0, NetCL: 4541578, EngineNetVer: 5, GameNetVer: 0 (Checksum: 267577011)
[2020.08.31-19.06.07:072][  0]LogPackageLocalizationCache: Processed 11 localized package path(s) for 2 prioritized culture(s) in 0.097418 seconds
[2020.08.31-19.06.07:076][  0]LogUObjectArray: 39775 objects as part of root set at end of initial load.
[2020.08.31-19.06.07:076][  0]LogUObjectAllocator: 6914656 out of 0 bytes used by permanent object pool.
[2020.08.31-19.06.07:076][  0]LogUObjectArray: CloseDisregardForGC: 0/0 objects in disregard for GC pool
[2020.08.31-19.06.09:565][  0]LogTcpMessaging: Initializing TcpMessaging bridge
[2020.08.31-19.06.09:588][  0]LogUdpMessaging: Initializing bridge on interface 0.0.0.0:0 to multicast group 230.0.0.1:6666.
[2020.08.31-19.06.10:888][  0]SourceControl: Source control is disabled
[2020.08.31-19.06.10:888][  0]SourceControl: Source control is disabled
[2020.08.31-19.06.10:904][  0]SourceControl: Source control is disabled
[2020.08.31-19.06.10:916][  0]SourceControl: Source control is disabled
[2020.08.31-19.06.11:466][  0]LogAndroidPermission: UAndroidPermissionCallbackProxy::GetInstance
[2020.08.31-19.06.11:643][  0]LogOcInput: OculusInput pre-init called
[2020.08.31-19.06.11:844][  0]LogEngine: Initializing Engine...
[2020.08.31-19.06.11:845][  0]LogHMD: Failed to initialize OpenVR with code 110
[2020.08.31-19.06.11:846][  0]LogStats: UGameplayTagsManager::ConstructGameplayTagTree: ImportINI prefixes -  0.000 s
[2020.08.31-19.06.11:846][  0]LogStats: UGameplayTagsManager::ConstructGameplayTagTree: Construct from data asset -  0.000 s
[2020.08.31-19.06.11:846][  0]LogStats: UGameplayTagsManager::ConstructGameplayTagTree: ImportINI -  0.000 s
[2020.08.31-19.06.11:847][  0]LogStats: UGameplayTagsManager::ConstructGameplayTagTree: GameplayTagTreeChangedEvent.Broadcast -  0.000 s
[2020.08.31-19.06.12:091][  0]LogInit: Initializing FReadOnlyCVARCache
[2020.08.31-19.06.12:114][  0]LogAIModule: Creating AISystem for world Untitled
[2020.08.31-19.06.12:150][  0]LogInit: XAudio2 using 'Casque pour téléphone (HyperX Virtual Surround Sound)' : 2 channels at 48 kHz using 16 bits per sample (channel mask 0x3)
[2020.08.31-19.06.12:186][  0]LogInit: FAudioDevice initialized.
[2020.08.31-19.06.12:186][  0]LogNetVersion: Set ProjectVersion to 1.0.0.0. Version Checksum will be recalculated on next use.
[2020.08.31-19.06.12:243][  0]LogDerivedDataCache: Saved boot cache 0.06s 73MB C:/Users/maure/AppData/Local/UnrealEngine/4.21/DerivedDataCache/Boot.ddc.
[2020.08.31-19.06.12:248][  0]LogInit: Texture streaming: Enabled
[2020.08.31-19.06.12:313][  0]LogEngineSessionManager: EngineSessionManager initialized
[2020.08.31-19.06.12:342][  0]LogInit: Transaction tracking system initialized
[2020.08.31-19.06.12:433][  0]BlueprintLog: New page: Editor Load
[2020.08.31-19.06.12:862][  0]LocalizationService: Localization service is disabled
[2020.08.31-19.06.13:538][  0]LogFileCache: Scanning file cache for directory 'D:/Dev/Workspace_Unreal/StealthGame/Content/' took 0.01s
[2020.08.31-19.06.13:538][  0]LogCook: Display: Max memory allowance for cook 16384mb min free memory 0mb
[2020.08.31-19.06.13:538][  0]LogCook: Display: Mobile HDR setting 1
[2020.08.31-19.06.13:539][  0]LogGameplayTags: Display: UGameplayTagsManager::DoneAddingNativeTags. DelegateIsBound: 0
[2020.08.31-19.06.13:539][  0]LogStats: UGameplayTagsManager::ConstructGameplayTagTree: ImportINI prefixes -  0.000 s
[2020.08.31-19.06.13:539][  0]LogStats: UGameplayTagsManager::ConstructGameplayTagTree: Construct from data asset -  0.000 s
[2020.08.31-19.06.13:539][  0]LogStats: UGameplayTagsManager::ConstructGameplayTagTree: ImportINI -  0.000 s
[2020.08.31-19.06.13:539][  0]LogStats: UGameplayTagsManager::ConstructGameplayTagTree: GameplayTagTreeChangedEvent.Broadcast -  0.000 s
[2020.08.31-19.06.14:036][  0]SourceControl: Source control is disabled
[2020.08.31-19.06.14:036][  0]Cmd: MAP LOAD FILE="D:/Dev/Workspace_Unreal/StealthGame/Content/Maps/FirstPersonExampleMap.umap" TEMPLATE=0 SHOWPROGRESS=1 FEATURELEVEL=3
[2020.08.31-19.06.14:036][  0]LightingResults: New page: Lighting Build
[2020.08.31-19.06.14:038][  0]MapCheck: New page: Map Check
[2020.08.31-19.06.14:038][  0]LightingResults: New page: Lighting Build
[2020.08.31-19.06.14:848][  0]LogAIModule: Creating AISystem for world FirstPersonExampleMap
[2020.08.31-19.06.14:864][  0]LogEditorServer: Finished looking for orphan Actors (0.000 secs)
[2020.08.31-19.06.14:886][  0]Cmd: MAP CHECKDEP NOCLEARLOG
[2020.08.31-19.06.14:886][  0]MapCheck: Map check complete: 0 Error(s), 0 Warning(s), took 0.103ms to complete.
[2020.08.31-19.06.14:886][  0]LogFileHelpers: Loading map 'FirstPersonExampleMap' took 0.850
[2020.08.31-19.06.14:997][  0]LogSlate: Updating window title bar state: overlay mode, drag disabled, window buttons hidden, title bar hidden
[2020.08.31-19.06.15:003][  0]LogSlate: Updating window title bar state: overlay mode, drag disabled, window buttons hidden, title bar hidden
[2020.08.31-19.06.15:011][  0]LogSlate: Updating window title bar state: overlay mode, drag disabled, window buttons hidden, title bar hidden
[2020.08.31-19.06.15:022][  0]LogSlate: Updating window title bar state: overlay mode, drag disabled, window buttons hidden, title bar hidden
[2020.08.31-19.06.15:038][  0]LogCollectionManager: Loaded 0 collections in 0.001377 seconds
[2020.08.31-19.06.15:075][  0]LogFileCache: Scanning file cache for directory 'D:/Dev/Workspace_Unreal/StealthGame/Saved/Collections/' took 0.01s
[2020.08.31-19.06.15:075][  0]LogFileCache: Scanning file cache for directory 'D:/Dev/Workspace_Unreal/StealthGame/Content/Developers/maure/Collections/' took 0.01s
[2020.08.31-19.06.15:075][  0]LogFileCache: Scanning file cache for directory 'D:/Dev/Workspace_Unreal/StealthGame/Content/Collections/' took 0.01s
[2020.08.31-19.06.15:075][  0]LogCollectionManager: Rebuilt the GUID cache for 0 collections in 0.000000 seconds
[2020.08.31-19.06.15:083][  0]LogContentBrowser: Native class hierarchy populated in 0.0071 seconds. Added 2659 classes and 623 folders.
[2020.08.31-19.06.15:089][  0]LogContentBrowser: Native class hierarchy updated for 'WidgetCarousel' in 0.0003 seconds. Added 0 classes and 0 folders.
[2020.08.31-19.06.15:096][  0]LogPakFile: Registered encryption key '00000000000000000000000000000000': 0 pak files mounted, 0 remain pending
[2020.08.31-19.06.15:098][  0]LogPakFile: Registered encryption key '00000000000000000000000000000000': 0 pak files mounted, 0 remain pending
[2020.08.31-19.06.15:100][  0]LogPakFile: Registered encryption key '00000000000000000000000000000000': 0 pak files mounted, 0 remain pending
[2020.08.31-19.06.15:103][  0]LogPakFile: Registered encryption key '00000000000000000000000000000000': 0 pak files mounted, 0 remain pending
[2020.08.31-19.06.15:105][  0]LogPakFile: Registered encryption key '00000000000000000000000000000000': 0 pak files mounted, 0 remain pending
[2020.08.31-19.06.15:107][  0]LogPakFile: Registered encryption key '00000000000000000000000000000000': 0 pak files mounted, 0 remain pending
[2020.08.31-19.06.15:109][  0]LogPakFile: Registered encryption key '00000000000000000000000000000000': 0 pak files mounted, 0 remain pending
[2020.08.31-19.06.15:111][  0]LogPakFile: Registered encryption key '00000000000000000000000000000000': 0 pak files mounted, 0 remain pending
[2020.08.31-19.06.15:113][  0]LogPakFile: Registered encryption key '00000000000000000000000000000000': 0 pak files mounted, 0 remain pending
[2020.08.31-19.06.15:117][  0]LogPakFile: Registered encryption key '00000000000000000000000000000000': 0 pak files mounted, 0 remain pending
[2020.08.31-19.06.15:119][  0]LogPakFile: Registered encryption key '00000000000000000000000000000000': 0 pak files mounted, 0 remain pending
[2020.08.31-19.06.15:122][  0]LogPakFile: Registered encryption key '00000000000000000000000000000000': 0 pak files mounted, 0 remain pending
[2020.08.31-19.06.15:125][  0]LogPakFile: Registered encryption key '00000000000000000000000000000000': 0 pak files mounted, 0 remain pending
[2020.08.31-19.06.15:128][  0]LogPakFile: Registered encryption key '00000000000000000000000000000000': 0 pak files mounted, 0 remain pending
[2020.08.31-19.06.15:130][  0]LogPakFile: Registered encryption key '00000000000000000000000000000000': 0 pak files mounted, 0 remain pending
[2020.08.31-19.06.15:133][  0]LogPakFile: Registered encryption key '00000000000000000000000000000000': 0 pak files mounted, 0 remain pending
[2020.08.31-19.06.15:134][  0]LogPakFile: Registered encryption key '00000000000000000000000000000000': 0 pak files mounted, 0 remain pending
[2020.08.31-19.06.15:136][  0]LogPakFile: Registered encryption key '00000000000000000000000000000000': 0 pak files mounted, 0 remain pending
[2020.08.31-19.06.15:138][  0]LogPakFile: Registered encryption key '00000000000000000000000000000000': 0 pak files mounted, 0 remain pending
[2020.08.31-19.06.15:140][  0]LogPakFile: Registered encryption key '00000000000000000000000000000000': 0 pak files mounted, 0 remain pending
[2020.08.31-19.06.15:142][  0]LogPakFile: Registered encryption key '00000000000000000000000000000000': 0 pak files mounted, 0 remain pending
[2020.08.31-19.06.15:144][  0]LogPakFile: Registered encryption key '00000000000000000000000000000000': 0 pak files mounted, 0 remain pending
[2020.08.31-19.06.15:146][  0]LogPakFile: Registered encryption key '00000000000000000000000000000000': 0 pak files mounted, 0 remain pending
[2020.08.31-19.06.15:149][  0]LogPakFile: Registered encryption key '00000000000000000000000000000000': 0 pak files mounted, 0 remain pending
[2020.08.31-19.06.15:151][  0]LogPakFile: Registered encryption key '00000000000000000000000000000000': 0 pak files mounted, 0 remain pending
[2020.08.31-19.06.15:153][  0]LogPakFile: Registered encryption key '00000000000000000000000000000000': 0 pak files mounted, 0 remain pending
[2020.08.31-19.06.15:241][  0]LogContentBrowser: Native class hierarchy updated for 'AddContentDialog' in 0.0003 seconds. Added 0 classes and 0 folders.
[2020.08.31-19.06.15:262][  0]LogContentBrowser: Native class hierarchy updated for 'SceneOutliner' in 0.0003 seconds. Added 1 classes and 2 folders.
[2020.08.31-19.06.15:296][  0]LogSlate: Took 0.002009 seconds to synchronously load lazily loaded font '../../../Engine/Content/Slate/Fonts/Roboto-Regular.ttf' (155K)
[2020.08.31-19.06.15:300][  0]LogSlate: Took 0.002071 seconds to synchronously load lazily loaded font '../../../Engine/Content/Slate/Fonts/Roboto-Bold.ttf' (160K)
[2020.08.31-19.06.15:307][  0]LogSlate: Took 0.001413 seconds to synchronously load lazily loaded font '../../../Engine/Content/Editor/Slate/Fonts/FontAwesome.ttf' (139K)
[2020.08.31-19.06.15:418][  0]LogRenderer: Reallocating scene render targets to support 1208x576 Format 10 NumSamples 1 (Frame:1).
[2020.08.31-19.06.15:664][  0]LogContentBrowser: Native class hierarchy updated for 'HierarchicalLODOutliner' in 0.0003 seconds. Added 0 classes and 0 folders.
[2020.08.31-19.06.15:664][  0]LogLoad: (Engine Initialization) Total time: 16.91 seconds
[2020.08.31-19.06.15:664][  0]LogLoad: (Engine Initialization) Total Blueprint compile time: 0.00 seconds
[2020.08.31-19.06.15:719][  0]LogContentStreaming: Texture pool size now 1000 MB
[2020.08.31-19.06.15:746][  0]LogSlate: Took 0.001984 seconds to synchronously load lazily loaded font '../../../Engine/Content/Slate/Fonts/Roboto-Light.ttf' (167K)
[2020.08.31-19.06.15:785][  1]LogAssetRegistry: Asset discovery search completed in 9.9082 seconds
[2020.08.31-19.06.15:787][  1]LogCollectionManager: Rebuilt the object cache for 0 collections in 0.000001 seconds (found 0 objects)
[2020.08.31-19.06.15:787][  1]LogCollectionManager: Fixed up redirectors for 0 collections in 0.000139 seconds (updated 0 objects)
[2020.08.31-19.08.56:009][204]LogSlate: FSceneViewport::OnFocusLost() reason 0
[2020.08.31-19.50.19:130][831]LogSlate: Took 0.000161 seconds to synchronously load lazily loaded font '../../../Engine/Content/Slate/Fonts/Roboto-Light.ttf' (167K)
[2020.08.31-19.50.19:182][831]LogSlate: Took 0.002049 seconds to synchronously load lazily loaded font '../../../Engine/Content/Slate/Fonts/Roboto-BoldCondensed.ttf' (158K)
[2020.08.31-19.50.50:875][805]Running C:/Program Files (x86)/Epic Games/UE_4.21/Engine/Binaries/DotNET/UnrealBuildTool.exe Win64 Development -TargetType=Editor -Project="D:/Dev/Workspace_Unreal/StealthGame/FPSGame.uproject" -invalidatemakefilesonly
[2020.08.31-19.50.51:919][805]Invalidating makefiles only in this run.
[2020.08.31-19.50.52:050][805]Candidate modules for hot reload:
[2020.08.31-19.50.52:050][805]  FPSGame
[2020.08.31-19.50.52:050][805]Launching UnrealBuildTool... [C:/Program Files (x86)/Epic Games/UE_4.21/Engine/Binaries/DotNET/UnrealBuildTool.exe  -ModuleWithSuffix=FPSGame,7604 Win64 Development -TargetType=Editor -Project="D:/Dev/Workspace_Unreal/StealthGame/FPSGame.uproject" -canskiplink "D:/Dev/Workspace_Unreal/StealthGame/FPSGame.uproject" ]
[2020.08.31-19.51.32:407][805]CompilerResultsLog: New page: Compilation - Aug 31, 2020, 11:51:32 PM
[2020.08.31-19.51.32:407][805]CompilerResultsLog: Using 'git status' to determine working set for adaptive non-unity build (D:\Dev\Workspace_Unreal\StealthGame).
[2020.08.31-19.51.32:407][805]CompilerResultsLog: Creating makefile for hot reloading FPSGameEditor (no existing makefile)
[2020.08.31-19.51.32:408][805]CompilerResultsLog: Compiling game modules for hot reload
[2020.08.31-19.51.32:408][805]CompilerResultsLog: Using Visual Studio 2017 14.16.27023 toolchain (C:\Program Files (x86)\Microsoft Visual Studio\2017\BuildTools\VC\Tools\MSVC\14.16.27023) and Windows 10.0.17763.0 SDK (C:\Program Files (x86)\Windows Kits\10).
[2020.08.31-19.51.32:408][805]CompilerResultsLog: Parsing headers for FPSGameEditor
[2020.08.31-19.51.32:408][805]CompilerResultsLog:   Running UnrealHeaderTool "D:\Dev\Workspace_Unreal\StealthGame\FPSGame.uproject" "D:\Dev\Workspace_Unreal\StealthGame\Intermediate\Build\Win64\FPSGameEditor\Development\FPSGameEditor.uhtmanifest" -LogCmds="loginit warning, logexit warning, logdatabase error" -Unattended -WarningsAsErrors -installed
[2020.08.31-19.51.32:408][805]CompilerResultsLog: Reflection code generated for FPSGameEditor in 8.7765914 seconds
[2020.08.31-19.51.32:408][805]CompilerResultsLog: Building 24 actions with 12 processes...
[2020.08.31-19.51.32:408][805]CompilerResultsLog:   [1/24] PCLaunch.rc
[2020.08.31-19.51.32:408][805]CompilerResultsLog:   [2/24] SharedPCH.Engine.cpp
[2020.08.31-19.51.32:408][805]CompilerResultsLog:   [3/24] FPSGame.init.gen.cpp
[2020.08.31-19.51.32:408][805]CompilerResultsLog:   [4/24] FPSExtractionZone.gen.cpp
[2020.08.31-19.51.32:408][805]CompilerResultsLog:   [5/24] FPSLaunchPad.gen.cpp
[2020.08.31-19.51.32:408][805]CompilerResultsLog:   [6/24] FPSObjectiveActor.gen.cpp
[2020.08.31-19.51.32:408][805]CompilerResultsLog:   [7/24] FPSHUD.gen.cpp
[2020.08.31-19.51.32:408][805]CompilerResultsLog:   [8/24] FPSAIGuard.gen.cpp
[2020.08.31-19.51.32:408][805]CompilerResultsLog:   [9/24] FPSCharacter.gen.cpp
[2020.08.31-19.51.32:408][805]CompilerResultsLog:   [10/24] FPSObjectiveActor.cpp
[2020.08.31-19.51.32:408][805]CompilerResultsLog:   [11/24] FPSGameMode.gen.cpp
[2020.08.31-19.51.32:408][805]CompilerResultsLog:   [12/24] FPSBlackHoleActor.gen.cpp
[2020.08.31-19.51.32:408][805]CompilerResultsLog:   [13/24] FPSHUD.cpp
[2020.08.31-19.51.32:408][805]CompilerResultsLog:   [14/24] FPSGame.cpp
[2020.08.31-19.51.32:408][805]CompilerResultsLog:   [15/24] FPSLaunchPad.cpp
[2020.08.31-19.51.32:408][805]CompilerResultsLog:   [16/24] FPSBlackHoleActor.cpp
[2020.08.31-19.51.32:408][805]CompilerResultsLog:   [17/24] FPSProjectile.cpp
[2020.08.31-19.51.32:408][805]CompilerResultsLog:   [18/24] FPSAIGuard.cpp
[2020.08.31-19.51.32:408][805]CompilerResultsLog:   [19/24] FPSProjectile.gen.cpp
[2020.08.31-19.51.32:408][805]CompilerResultsLog:   [20/24] FPSGameMode.cpp
[2020.08.31-19.51.32:408][805]CompilerResultsLog:   [21/24] FPSExtractionZone.cpp
[2020.08.31-19.51.32:408][805]CompilerResultsLog:   [22/24] FPSCharacter.cpp
[2020.08.31-19.51.32:408][805]CompilerResultsLog:   [23/24] UE4Editor-FPSGame-7604.lib
[2020.08.31-19.51.32:408][805]CompilerResultsLog:      Creating library D:\Dev\Workspace_Unreal\StealthGame\Intermediate\Build\Win64\UE4Editor\Development\FPSGame\UE4Editor-FPSGame-7604.lib and object D:\Dev\Workspace_Unreal\StealthGame\Intermediate\Build\Win64\UE4Editor\Development\FPSGame\UE4Editor-FPSGame-7604.exp
[2020.08.31-19.51.32:408][805]CompilerResultsLog:   [24/24] UE4Editor-FPSGame-7604.dll
[2020.08.31-19.51.32:408][805]CompilerResultsLog:      Creating library D:\Dev\Workspace_Unreal\StealthGame\Intermediate\Build\Win64\UE4Editor\Development\FPSGame\UE4Editor-FPSGame-7604.suppressed.lib and object D:\Dev\Workspace_Unreal\StealthGame\Intermediate\Build\Win64\UE4Editor\Development\FPSGame\UE4Editor-FPSGame-7604.suppressed.exp
[2020.08.31-19.51.32:408][805]CompilerResultsLog: Total build time: 39.99 seconds (Parallel executor: 25.44 seconds)
[2020.08.31-19.51.32:409][805]LogMainFrame: MainFrame: Module compiling took 40.363 seconds
[2020.08.31-19.51.32:442][805]LogClass: Could not find existing class FPSAIGuard in package /Script/FPSGame for HotReload, assuming new class
[2020.08.31-19.51.32:456][805]LogContentBrowser: Native class hierarchy updated for 'FPSGame' in 0.0003 seconds. Added 9 classes and 3 folders.
[2020.08.31-19.51.32:458][805]Display: HotReload successful (4 functions remapped  0 scriptstructs remapped)
[2020.08.31-19.51.32:621][805]LogContentBrowser: Native class hierarchy populated in 0.0064 seconds. Added 2661 classes and 625 folders.
[2020.08.31-19.51.32:621][805]Display: HotReload took 40.6s.
[2020.08.31-19.51.32:623][805]Warning: HotReload operation took 40.6s.
[2020.08.31-19.51.32:850][805]LogSlate: Window 'Add C++ Class' being destroyed
[2020.08.31-19.51.32:862][805]LogHotReload: New module detected: UE4Editor-FPSGame-7604.dll
[2020.08.31-19.51.32:925][806]LogHotReload: Starting Hot-Reload from IDE
[2020.08.31-19.51.32:966][806]LogContentBrowser: Native class hierarchy updated for 'FPSGame' in 0.0003 seconds. Added 9 classes and 3 folders.
[2020.08.31-19.51.32:967][806]Display: HotReload successful (0 functions remapped  0 scriptstructs remapped)
[2020.08.31-19.51.33:000][806]LogContentBrowser: Native class hierarchy populated in 0.0088 seconds. Added 2661 classes and 625 folders.
[2020.08.31-19.51.33:003][806]Display: HotReload took  0.1s.
[2020.08.31-19.52.15:803][934]LogUnrealEdMisc: Warning: Heartbeat event firing too frequently (42.793 sec). This should never happen. Something is wrong with the timer delegate!
[2020.08.31-19.53.06:281][ 85]LogHotReload: New module detected: UE4Editor-FPSGame-8257.dll
[2020.08.31-19.53.06:960][ 88]LogHotReload: Starting Hot-Reload from IDE
[2020.08.31-19.53.07:010][ 88]LogContentBrowser: Native class hierarchy updated for 'FPSGame' in 0.0003 seconds. Added 9 classes and 3 folders.
[2020.08.31-19.53.07:012][ 88]Display: HotReload successful (4 functions remapped  0 scriptstructs remapped)
[2020.08.31-19.53.07:062][ 88]LogContentBrowser: Native class hierarchy populated in 0.0066 seconds. Added 2661 classes and 625 folders.
[2020.08.31-19.53.07:064][ 88]Display: HotReload took  0.1s.
[2020.08.31-19.53.24:841][141]LogSlate: Window 'FPSGame - Unreal Editor' being destroyed
[2020.08.31-19.53.24:842][141]LogWindowsTextInputMethodSystem: Display: IME system now deactivated.
[2020.08.31-19.53.25:019][142]Cmd: QUIT_EDITOR
[2020.08.31-19.53.25:078][142]LogExit: Preparing to exit.
[2020.08.31-19.53.26:097][142]LogActorComponent: UnregisterComponent: (None.None) Not registered. Aborting.
[2020.08.31-19.53.26:097][142]LogActorComponent: UnregisterComponent: (None.None) Not registered. Aborting.
[2020.08.31-19.53.26:097][142]LogActorComponent: UnregisterComponent: (None.None) Not registered. Aborting.
[2020.08.31-19.53.26:097][142]LogActorComponent: UnregisterComponent: (None.None) Not registered. Aborting.
[2020.08.31-19.53.26:097][142]LogActorComponent: UnregisterComponent: (None.None) Not registered. Aborting.
[2020.08.31-19.53.26:097][142]LogActorComponent: UnregisterComponent: (None.None) Not registered. Aborting.
[2020.08.31-19.53.26:097][142]LogActorComponent: UnregisterComponent: (None.None) Not registered. Aborting.
[2020.08.31-19.53.26:097][142]LogActorComponent: UnregisterComponent: (None.None) Not registered. Aborting.
[2020.08.31-19.53.26:097][142]LogActorComponent: UnregisterComponent: (None.None) Not registered. Aborting.
[2020.08.31-19.53.26:097][142]LogActorComponent: UnregisterComponent: (None.None) Not registered. Aborting.
[2020.08.31-19.53.26:097][142]LogActorComponent: UnregisterComponent: (None.None) Not registered. Aborting.
[2020.08.31-19.53.26:097][142]LogActorComponent: UnregisterComponent: (None.None) Not registered. Aborting.
[2020.08.31-19.53.26:097][142]LogActorComponent: UnregisterComponent: (None.None) Not registered. Aborting.
[2020.08.31-19.53.26:097][142]LogActorComponent: UnregisterComponent: (None.None) Not registered. Aborting.
[2020.08.31-19.53.26:129][142]LogExit: Editor shut down
[2020.08.31-19.53.26:130][142]LogExit: Transaction tracking system shut down
[2020.08.31-19.53.26:384][142]LogExit: Object subsystem successfully closed.
[2020.08.31-19.53.26:408][142]LogShaderCompilers: Display: Shaders left to compile 0
[2020.08.31-19.53.26:411][142]LogD3D11RHI: Shutdown
[2020.08.31-19.53.26:411][142]LogD3D11RHI: CleanupD3DDevice
[2020.08.31-19.53.26:415][142]LogD3D11RHI: ~FD3D11DynamicRHI
[2020.08.31-19.53.26:467][142]LogModuleManager: Shutting down and abandoning module FPSGame (627)
[2020.08.31-19.53.26:467][142]LogModuleManager: Shutting down and abandoning module HierarchicalLODOutliner (624)
[2020.08.31-19.53.26:467][142]LogModuleManager: Shutting down and abandoning module SceneOutliner (622)
[2020.08.31-19.53.26:467][142]LogModuleManager: Shutting down and abandoning module AddContentDialog (620)
[2020.08.31-19.53.26:468][142]LogModuleManager: Shutting down and abandoning module WidgetCarousel (619)
[2020.08.31-19.53.26:468][142]LogModuleManager: Shutting down and abandoning module EditorWidgets (616)
[2020.08.31-19.53.26:468][142]LogModuleManager: Shutting down and abandoning module CollectionManager (614)
[2020.08.31-19.53.26:469][142]LogModuleManager: Shutting down and abandoning module StatsViewer (612)
[2020.08.31-19.53.26:469][142]LogModuleManager: Shutting down and abandoning module FoliageEdit (610)
[2020.08.31-19.53.26:469][142]LogModuleManager: Shutting down and abandoning module LandscapeEditor (608)
[2020.08.31-19.53.26:471][142]LogModuleManager: Shutting down and abandoning module MeshPaintMode (606)
[2020.08.31-19.53.26:471][142]LogModuleManager: Shutting down and abandoning module SceneDepthPickerMode (604)
[2020.08.31-19.53.26:471][142]LogModuleManager: Shutting down and abandoning module ActorPickerMode (602)
[2020.08.31-19.53.26:471][142]LogModuleManager: Shutting down and abandoning module GeometryMode (600)
[2020.08.31-19.53.26:471][142]LogModuleManager: Shutting down and abandoning module TextureAlignMode (598)
[2020.08.31-19.53.26:471][142]LogModuleManager: Shutting down and abandoning module BspMode (596)
[2020.08.31-19.53.26:471][142]LogModuleManager: Shutting down and abandoning module PIEPreviewDeviceProfileSelector (594)
[2020.08.31-19.53.26:472][142]LogModuleManager: Shutting down and abandoning module SequenceRecorderSections (592)
[2020.08.31-19.53.26:472][142]LogModuleManager: Shutting down and abandoning module AutomationWorker (590)
[2020.08.31-19.53.26:472][142]LogModuleManager: Shutting down and abandoning module AudioCaptureEditor (588)
[2020.08.31-19.53.26:472][142]LogModuleManager: Shutting down and abandoning module MatineeToLevelSequence (586)
[2020.08.31-19.53.26:473][142]LogModuleManager: Shutting down and abandoning module LevelSequenceEditor (584)
[2020.08.31-19.53.26:475][142]LogModuleManager: Shutting down and abandoning module PlacementMode (583)
[2020.08.31-19.53.26:475][142]LogModuleManager: Shutting down and abandoning module MaterialEditor (582)
[2020.08.31-19.53.26:476][142]LogModuleManager: Shutting down and abandoning module WmfMediaFactory (578)
[2020.08.31-19.53.26:476][142]LogModuleManager: Shutting down and abandoning module WmfMediaEditor (576)
[2020.08.31-19.53.26:476][142]LogModuleManager: Shutting down and abandoning module WebMMediaFactory (574)
[2020.08.31-19.53.26:476][142]LogModuleManager: Shutting down and abandoning module WebMMediaEditor (572)
[2020.08.31-19.53.26:476][142]LogModuleManager: Shutting down and abandoning module WebMMedia (570)
[2020.08.31-19.53.26:477][142]LogModuleManager: Shutting down and abandoning module MediaPlayerEditor (568)
[2020.08.31-19.53.26:478][142]LogModuleManager: Shutting down and abandoning module MediaCompositingEditor (566)
[2020.08.31-19.53.26:479][142]LogModuleManager: Shutting down and abandoning module SequenceRecorder (565)
[2020.08.31-19.53.26:479][142]LogModuleManager: Shutting down and abandoning module OpenExrWrapper (562)
[2020.08.31-19.53.26:479][142]LogModuleManager: Shutting down and abandoning module ImgMediaFactory (560)
[2020.08.31-19.53.26:479][142]LogModuleManager: Shutting down and abandoning module ImgMediaEditor (558)
[2020.08.31-19.53.26:479][142]LogModuleManager: Shutting down and abandoning module AvfMediaFactory (556)
[2020.08.31-19.53.26:479][142]LogModuleManager: Shutting down and abandoning module AvfMediaEditor (554)
[2020.08.31-19.53.26:479][142]LogModuleManager: Shutting down and abandoning module AndroidMediaFactory (552)
[2020.08.31-19.53.26:479][142]LogModuleManager: Shutting down and abandoning module AndroidMediaEditor (550)
[2020.08.31-19.53.26:479][142]LogModuleManager: Shutting down and abandoning module MagicLeapCameraPreviewFactory (548)
[2020.08.31-19.53.26:479][142]LogModuleManager: Shutting down and abandoning module MagicLeapMediaFactory (546)
[2020.08.31-19.53.26:479][142]LogModuleManager: Shutting down and abandoning module MagicLeapMediaEditor (544)
[2020.08.31-19.53.26:479][142]LogModuleManager: Shutting down and abandoning module CharacterAI (542)
[2020.08.31-19.53.26:479][142]LogModuleManager: Shutting down and abandoning module SmartSnapping (540)
[2020.08.31-19.53.26:479][142]LogModuleManager: Shutting down and abandoning module SessionServices (538)
[2020.08.31-19.53.26:479][142]LogModuleManager: Shutting down and abandoning module ViewportSnapping (536)
[2020.08.31-19.53.26:479][142]LogModuleManager: Shutting down and abandoning module ViewportInteraction (534)
[2020.08.31-19.53.26:479][142]LogModuleManager: Shutting down and abandoning module ClothPainter (532)
[2020.08.31-19.53.26:480][142]LogModuleManager: Shutting down and abandoning module SkeletalMeshEditor (531)
[2020.08.31-19.53.26:481][142]LogModuleManager: Shutting down and abandoning module LogVisualizer (528)
[2020.08.31-19.53.26:482][142]LogModuleManager: Shutting down and abandoning module IntroTutorials (526)
[2020.08.31-19.53.26:483][142]LogModuleManager: Shutting down and abandoning module GameProjectGeneration (525)
[2020.08.31-19.53.26:483][142]LogModuleManager: Shutting down and abandoning module LuminPlatformEditor (522)
[2020.08.31-19.53.26:483][142]LogModuleManager: Shutting down and abandoning module IOSPlatformEditor (520)
[2020.08.31-19.53.26:483][142]LogModuleManager: Shutting down and abandoning module HTML5PlatformEditor (518)
[2020.08.31-19.53.26:483][142]LogModuleManager: Shutting down and abandoning module AndroidPlatformEditor (516)
[2020.08.31-19.53.26:483][142]LogModuleManager: Shutting down and abandoning module AndroidDeviceDetection (515)
[2020.08.31-19.53.26:761][142]LogModuleManager: Shutting down and abandoning module WindowsPlatformEditor (512)
[2020.08.31-19.53.26:761][142]LogModuleManager: Shutting down and abandoning module LuminRuntimeSettings (510)
[2020.08.31-19.53.26:761][142]LogModuleManager: Shutting down and abandoning module IOSRuntimeSettings (508)
[2020.08.31-19.53.26:761][142]LogModuleManager: Shutting down and abandoning module AndroidRuntimeSettings (506)
[2020.08.31-19.53.26:761][142]LogModuleManager: Shutting down and abandoning module TimeManagementEditor (504)
[2020.08.31-19.53.26:761][142]LogModuleManager: Shutting down and abandoning module InputBindingEditor (502)
[2020.08.31-19.53.26:762][142]LogModuleManager: Shutting down and abandoning module MergeActors (500)
[2020.08.31-19.53.26:763][142]LogModuleManager: Shutting down and abandoning module LocalizationDashboard (498)
[2020.08.31-19.53.26:764][142]LogModuleManager: Shutting down and abandoning module LocalizationService (497)
[2020.08.31-19.53.26:764][142]LogModuleManager: Shutting down and abandoning module HardwareTargeting (494)
[2020.08.31-19.53.26:764][142]LogModuleManager: Shutting down and abandoning module DeviceProfileEditor (492)
[2020.08.31-19.53.26:764][142]LogModuleManager: Shutting down and abandoning module UndoHistory (490)
[2020.08.31-19.53.26:765][142]LogModuleManager: Shutting down and abandoning module XmlParser (488)
[2020.08.31-19.53.26:765][142]LogModuleManager: Shutting down and abandoning module Blutility (486)
[2020.08.31-19.53.26:765][142]LogModuleManager: Shutting down and abandoning module ProjectSettingsViewer (484)
[2020.08.31-19.53.26:765][142]LogModuleManager: Shutting down and abandoning module ProjectTargetPlatformEditor (483)
[2020.08.31-19.53.26:765][142]LogModuleManager: Shutting down and abandoning module EditorSettingsViewer (480)
[2020.08.31-19.53.26:765][142]LogModuleManager: Shutting down and abandoning module SettingsEditor (478)
[2020.08.31-19.53.26:766][142]LogModuleManager: Shutting down and abandoning module ProjectLauncher (476)
[2020.08.31-19.53.26:766][142]LogModuleManager: Shutting down and abandoning module SessionFrontend (474)
[2020.08.31-19.53.26:767][142]LogModuleManager: Shutting down and abandoning module ProfilerClient (472)
[2020.08.31-19.53.26:767][142]LogModuleManager: Shutting down and abandoning module DeviceManager (470)
[2020.08.31-19.53.26:767][142]LogModuleManager: Shutting down and abandoning module TargetDeviceServices (469)
[2020.08.31-19.53.26:834][142]LogModuleManager: Shutting down and abandoning module AutomationController (466)
[2020.08.31-19.53.26:834][142]LogModuleManager: Shutting down and abandoning module AutomationWindow (464)
[2020.08.31-19.53.26:835][142]LogModuleManager: Shutting down and abandoning module Layers (462)
[2020.08.31-19.53.26:836][142]LogModuleManager: Shutting down and abandoning module ComponentVisualizers (460)
[2020.08.31-19.53.26:837][142]LogModuleManager: Shutting down and abandoning module DetailCustomizations (458)
[2020.08.31-19.53.26:838][142]LogModuleManager: Shutting down and abandoning module PackagesDialog (456)
[2020.08.31-19.53.26:838][142]LogModuleManager: Shutting down and abandoning module Persona (454)
[2020.08.31-19.53.26:839][142]LogModuleManager: Shutting down and abandoning module AdvancedPreviewScene (453)
[2020.08.31-19.53.26:839][142]LogModuleManager: Shutting down and abandoning module AnimGraph (451)
[2020.08.31-19.53.26:839][142]LogModuleManager: Shutting down and abandoning module Kismet (448)
[2020.08.31-19.53.26:841][142]LogModuleManager: Shutting down and abandoning module GraphEditor (446)
[2020.08.31-19.53.26:843][142]LogModuleManager: Shutting down and abandoning module ClassViewer (444)
[2020.08.31-19.53.26:844][142]LogModuleManager: Shutting down and abandoning module Toolbox (442)
[2020.08.31-19.53.26:844][142]LogModuleManager: Shutting down and abandoning module DesktopPlatform (441)
[2020.08.31-19.53.26:844][142]LogModuleManager: Shutting down and abandoning module ModuleUI (438)
[2020.08.31-19.53.26:844][142]LogModuleManager: Shutting down and abandoning module MovieSceneTools (436)
[2020.08.31-19.53.26:844][142]LogModuleManager: Shutting down and abandoning module OutputLog (434)
[2020.08.31-19.53.26:844][142]LogModuleManager: Shutting down and abandoning module GammaUI (432)
[2020.08.31-19.53.26:845][142]LogModuleManager: Shutting down and abandoning module Documentation (430)
[2020.08.31-19.53.26:845][142]LogModuleManager: Shutting down and abandoning module MovieSceneTracks (428)
[2020.08.31-19.53.26:845][142]LogModuleManager: Shutting down and abandoning module MovieScene (426)
[2020.08.31-19.53.26:845][142]LogModuleManager: Shutting down and abandoning module StreamingPauseRendering (424)
[2020.08.31-19.53.26:845][142]LogModuleManager: Shutting down and abandoning module LauncherPlatform (422)
[2020.08.31-19.53.26:845][142]LogModuleManager: Shutting down and abandoning module AnalyticsET (420)
[2020.08.31-19.53.26:845][142]LogModuleManager: Shutting down and abandoning module PortalServices (418)
[2020.08.31-19.53.26:845][142]LogModuleManager: Shutting down and abandoning module PortalRpc (416)
[2020.08.31-19.53.26:845][142]LogModuleManager: Shutting down and abandoning module MessagingRpc (414)
[2020.08.31-19.53.26:845][142]LogModuleManager: Shutting down and abandoning module AIModule (412)
[2020.08.31-19.53.26:846][142]LogModuleManager: Shutting down and abandoning module GameplayDebugger (411)
[2020.08.31-19.53.26:846][142]LogModuleManager: Shutting down and abandoning module AITestSuite (409)
[2020.08.31-19.53.26:847][142]LogModuleManager: Shutting down and abandoning module NavigationSystem (407)
[2020.08.31-19.53.26:847][142]LogModuleManager: Shutting down and abandoning module ImageWriteQueue (404)
[2020.08.31-19.53.26:849][142]LogModuleManager: Shutting down and abandoning module ProfilerService (402)
[2020.08.31-19.53.27:095][142]LogModuleManager: Shutting down and abandoning module TaskGraph (400)
[2020.08.31-19.53.27:096][142]LogModuleManager: Shutting down and abandoning module SteamVRController (398)
[2020.08.31-19.53.27:096][142]LogModuleManager: Shutting down and abandoning module ProceduralMeshComponentEditor (396)
[2020.08.31-19.53.27:096][142]LogModuleManager: Shutting down and abandoning module ProceduralMeshComponent (394)
[2020.08.31-19.53.27:096][142]LogModuleManager: Shutting down and abandoning module OculusInput (392)
[2020.08.31-19.53.27:096][142]LogModuleManager: Shutting down and abandoning module MobilePatchingUtils (390)
[2020.08.31-19.53.27:096][142]LogModuleManager: Shutting down and abandoning module EditableMesh (388)
[2020.08.31-19.53.27:097][142]LogModuleManager: Shutting down and abandoning module CustomMeshComponent (386)
[2020.08.31-19.53.27:097][142]LogModuleManager: Shutting down and abandoning module CableComponent (384)
[2020.08.31-19.53.27:097][142]LogModuleManager: Shutting down and abandoning module AudioCapture (382)
[2020.08.31-19.53.27:097][142]LogModuleManager: Shutting down and abandoning module ArchVisCharacter (380)
[2020.08.31-19.53.27:097][142]LogModuleManager: Shutting down and abandoning module AndroidPermission (378)
[2020.08.31-19.53.27:097][142]LogModuleManager: Shutting down and abandoning module NUTUnrealEngine4 (376)
[2020.08.31-19.53.27:097][142]LogModuleManager: Shutting down and abandoning module NetcodeUnitTest (374)
[2020.08.31-19.53.27:098][142]LogModuleManager: Shutting down and abandoning module MediaCompositing (372)
[2020.08.31-19.53.27:098][142]LogModuleManager: Shutting down and abandoning module LinearTimecode (370)
[2020.08.31-19.53.27:098][142]LogModuleManager: Shutting down and abandoning module ImgMedia (368)
[2020.08.31-19.53.27:101][142]LogModuleManager: Shutting down and abandoning module HTML5Networking (366)
[2020.08.31-19.53.27:101][142]LogModuleManager: Shutting down and abandoning module GeometryCacheTracks (364)
[2020.08.31-19.53.27:101][142]LogModuleManager: Shutting down and abandoning module GeometryCacheSequencer (362)
[2020.08.31-19.53.27:101][142]LogModuleManager: Shutting down and abandoning module BackChannel (360)
[2020.08.31-19.53.27:101][142]LogModuleManager: Shutting down and abandoning module AppleVision (358)
[2020.08.31-19.53.27:101][142]LogModuleManager: Shutting down and abandoning module AppleImageUtilsBlueprintSupport (356)
[2020.08.31-19.53.27:101][142]LogModuleManager: Shutting down and abandoning module AppleImageUtils (354)
[2020.08.31-19.53.27:101][142]LogModuleManager: Shutting down and abandoning module AlembicImporter (352)
[2020.08.31-19.53.27:102][142]LogModuleManager: Shutting down and abandoning module AlembicLibrary (351)
[2020.08.31-19.53.27:102][142]LogModuleManager: Shutting down and abandoning module GeometryCache (350)
[2020.08.31-19.53.27:102][142]LogModuleManager: Shutting down and abandoning module GeometryCacheEd (349)
[2020.08.31-19.53.27:102][142]LogModuleManager: Shutting down and abandoning module VariantManagerContent (344)
[2020.08.31-19.53.27:102][142]LogModuleManager: Shutting down and abandoning module DatasmithContentEditor (342)
[2020.08.31-19.53.27:102][142]LogModuleManager: Shutting down and abandoning module SpeedTreeImporter (340)
[2020.08.31-19.53.27:102][142]LogModuleManager: Shutting down and abandoning module PluginBrowser (338)
[2020.08.31-19.53.27:103][142]LogModuleManager: Shutting down and abandoning module MobileLauncherProfileWizard (336)
[2020.08.31-19.53.27:104][142]LogModuleManager: Shutting down and abandoning module PolygonModeling (334)
[2020.08.31-19.53.27:104][142]LogModuleManager: Shutting down and abandoning module MeshEditor (332)
[2020.08.31-19.53.27:104][142]LogModuleManager: Shutting down and abandoning module CryptoKeysOpenSSL (330)
[2020.08.31-19.53.27:104][142]LogModuleManager: Shutting down and abandoning module CryptoKeys (328)
[2020.08.31-19.53.27:104][142]LogModuleManager: Shutting down and abandoning module VisualStudioSourceCodeAccess (326)
[2020.08.31-19.53.27:104][142]LogModuleManager: Shutting down and abandoning module VisualStudioCodeSourceCodeAccess (324)
[2020.08.31-19.53.27:104][142]LogModuleManager: Shutting down and abandoning module UObjectPlugin (322)
[2020.08.31-19.53.27:104][142]LogModuleManager: Shutting down and abandoning module SubversionSourceControl (320)
[2020.08.31-19.53.27:104][142]LogModuleManager: Shutting down and abandoning module PerforceSourceControl (318)
[2020.08.31-19.53.27:105][142]LogModuleManager: Shutting down and abandoning module GitSourceControl (316)
[2020.08.31-19.53.27:106][142]LogModuleManager: Shutting down and abandoning module SourceControl (315)
[2020.08.31-19.53.27:106][142]LogModuleManager: Shutting down and abandoning module CLionSourceCodeAccess (312)
[2020.08.31-19.53.27:106][142]LogModuleManager: Shutting down and abandoning module ActorLayerUtilitiesEditor (310)
[2020.08.31-19.53.27:106][142]LogModuleManager: Shutting down and abandoning module ActorLayerUtilities (308)
[2020.08.31-19.53.27:106][142]LogModuleManager: Shutting down and abandoning module LightPropagationVolumeEditor (306)
[2020.08.31-19.53.27:106][142]LogModuleManager: Shutting down and abandoning module PaperTiledImporter (304)
[2020.08.31-19.53.27:106][142]LogModuleManager: Shutting down and abandoning module PaperSpriteSheetImporter (302)
[2020.08.31-19.53.27:106][142]LogModuleManager: Shutting down and abandoning module Paper2DEditor (300)
[2020.08.31-19.53.27:107][142]LogModuleManager: Shutting down and abandoning module MeshPaint (299)
[2020.08.31-19.53.27:107][142]LogModuleManager: Shutting down and abandoning module RuntimePhysXCooking (294)
[2020.08.31-19.53.27:107][142]LogModuleManager: Shutting down and abandoning module PhysXVehiclesEditor (292)
[2020.08.31-19.53.27:107][142]LogModuleManager: Shutting down and abandoning module PhysXVehicles (290)
[2020.08.31-19.53.27:107][142]LogModuleManager: Shutting down and abandoning module OculusEditor (288)
[2020.08.31-19.53.27:108][142]LogModuleManager: Shutting down and abandoning module LocationServicesBPLibrary (286)
[2020.08.31-19.53.27:108][142]LogModuleManager: Shutting down and abandoning module ActorSequence (284)
[2020.08.31-19.53.27:108][142]LogModuleManager: Shutting down and abandoning module UdpMessaging (282)
[2020.08.31-19.53.27:209][142]LogModuleManager: Shutting down and abandoning module TcpMessaging (280)
[2020.08.31-19.53.27:310][142]LogModuleManager: Shutting down and abandoning module MagicLeapAudio (278)
[2020.08.31-19.53.27:310][142]LogModuleManager: Shutting down and abandoning module GameplayTagsEditor (276)
[2020.08.31-19.53.27:310][142]LogModuleManager: Shutting down and abandoning module FacialAnimationEditor (274)
[2020.08.31-19.53.27:310][142]LogModuleManager: Shutting down and abandoning module FacialAnimation (272)
[2020.08.31-19.53.27:310][142]LogModuleManager: Shutting down and abandoning module DataValidation (270)
[2020.08.31-19.53.27:310][142]LogModuleManager: Shutting down and abandoning module AssetManagerEditor (268)
[2020.08.31-19.53.27:311][142]LogModuleManager: Shutting down and abandoning module LevelEditor (267)
[2020.08.31-19.53.27:312][142]LogModuleManager: Shutting down and abandoning module PixelInspectorModule (266)
[2020.08.31-19.53.27:312][142]LogModuleManager: Shutting down and abandoning module CommonMenuExtensions (264)
[2020.08.31-19.53.27:312][142]LogModuleManager: Shutting down and abandoning module MainFrame (262)
[2020.08.31-19.53.27:312][142]LogModuleManager: Shutting down and abandoning module HotReload (261)
[2020.08.31-19.53.27:313][142]LogModuleManager: Shutting down and abandoning module ContentBrowser (257)
[2020.08.31-19.53.27:314][142]LogModuleManager: Shutting down and abandoning module TreeMap (255)
[2020.08.31-19.53.27:314][142]LogModuleManager: Shutting down and abandoning module LightPropagationVolumeRuntime (252)
[2020.08.31-19.53.27:314][142]LogModuleManager: Shutting down and abandoning module AISupportModule (250)
[2020.08.31-19.53.27:314][142]LogModuleManager: Shutting down and abandoning module Paper2D (248)
[2020.08.31-19.53.27:315][142]LogModuleManager: Shutting down and abandoning module WindowsMoviePlayer (246)
[2020.08.31-19.53.27:315][142]LogModuleManager: Shutting down and abandoning module WebMMoviePlayer (244)
[2020.08.31-19.53.27:315][142]LogModuleManager: Shutting down and abandoning module WmfMedia (242)
[2020.08.31-19.53.27:316][142]LogModuleManager: Shutting down and abandoning module Media (241)
[2020.08.31-19.53.27:322][142]LogModuleManager: Shutting down and abandoning module PacketHandler (238)
[2020.08.31-19.53.27:322][142]LogModuleManager: Shutting down and abandoning module ClothingSystemEditor (236)
[2020.08.31-19.53.27:322][142]LogModuleManager: Shutting down and abandoning module ClothingSystemRuntime (234)
[2020.08.31-19.53.27:323][142]LogModuleManager: Shutting down and abandoning module MediaAssets (232)
[2020.08.31-19.53.27:323][142]LogModuleManager: Shutting down and abandoning module Overlay (230)
[2020.08.31-19.53.27:323][142]LogModuleManager: Shutting down and abandoning module OverlayEditor (229)
[2020.08.31-19.53.27:323][142]LogModuleManager: Shutting down and abandoning module VREditor (226)
[2020.08.31-19.53.27:323][142]LogModuleManager: Shutting down and abandoning module StringTableEditor (224)
[2020.08.31-19.53.27:324][142]LogModuleManager: Shutting down and abandoning module GameplayTasksEditor (222)
[2020.08.31-19.53.27:324][142]LogModuleManager: Shutting down and abandoning module BehaviorTreeEditor (220)
[2020.08.31-19.53.27:325][142]LogModuleManager: Shutting down and abandoning module FunctionalTesting (218)
[2020.08.31-19.53.27:326][142]LogModuleManager: Shutting down and abandoning module CollisionAnalyzer (216)
[2020.08.31-19.53.27:327][142]LogModuleManager: Shutting down and abandoning module WorkspaceMenuStructure (215)
[2020.08.31-19.53.27:327][142]LogModuleManager: Shutting down and abandoning module UMG (212)
[2020.08.31-19.53.27:327][142]LogModuleManager: Shutting down and abandoning module UMGEditor (211)
[2020.08.31-19.53.27:327][142]LogModuleManager: Shutting down and abandoning module Sequencer (210)
[2020.08.31-19.53.27:329][142]LogModuleManager: Shutting down and abandoning module MessageLog (207)
[2020.08.31-19.53.27:329][142]LogModuleManager: Shutting down and abandoning module SlateReflector (202)
[2020.08.31-19.53.27:331][142]LogModuleManager: Shutting down and abandoning module Slate (200)
[2020.08.31-19.53.27:331][142]LogModuleManager: Shutting down and abandoning module EditorStyle (198)
[2020.08.31-19.53.27:334][142]LogModuleManager: Shutting down and abandoning module MRMesh (196)
[2020.08.31-19.53.27:334][142]LogModuleManager: Shutting down and abandoning module SourceCodeAccess (194)
[2020.08.31-19.53.27:334][142]LogModuleManager: Shutting down and abandoning module HeadMountedDisplay (192)
[2020.08.31-19.53.27:334][142]LogModuleManager: Shutting down and abandoning module XAudio2 (190)
[2020.08.31-19.53.27:334][142]LogModuleManager: Shutting down and abandoning module Networking (188)
[2020.08.31-19.53.27:334][142]LogModuleManager: Shutting down and abandoning module Core (186)
[2020.08.31-19.53.27:334][142]LogModuleManager: Shutting down and abandoning module LevelSequence (184)
[2020.08.31-19.53.27:334][142]LogModuleManager: Shutting down and abandoning module KismetCompiler (182)
[2020.08.31-19.53.27:334][142]LogModuleManager: Shutting down and abandoning module MeshUtilities (180)
[2020.08.31-19.53.27:335][142]LogModuleManager: Shutting down and abandoning module MeshMergeUtilities (179)
[2020.08.31-19.53.27:335][142]LogModuleManager: Shutting down and abandoning module MeshReductionInterface (178)
[2020.08.31-19.53.27:335][142]LogModuleManager: Shutting down and abandoning module SimplygonSwarm (177)
[2020.08.31-19.53.27:336][142]LogModuleManager: Shutting down and abandoning module ProxyLODMeshReduction (175)
[2020.08.31-19.53.27:336][142]LogModuleManager: Shutting down and abandoning module SimplygonMeshReduction (173)
[2020.08.31-19.53.27:336][142]LogModuleManager: Shutting down and abandoning module QuadricMeshReduction (171)
[2020.08.31-19.53.27:336][142]LogModuleManager: Shutting down and abandoning module MaterialBaking (167)
[2020.08.31-19.53.27:337][142]LogModuleManager: Shutting down and abandoning module DirectoryWatcher (163)
[2020.08.31-19.53.27:337][142]LogModuleManager: Shutting down and abandoning module DerivedDataCache (160)
[2020.08.31-19.53.27:411][142]LogDerivedDataCache: Shutdown
[2020.08.31-19.53.27:411][142]LogModuleManager: Shutting down and abandoning module XGEController (158)
[2020.08.31-19.53.27:412][142]LogXGEController: Cleaning working directory: C:/Users/maure/AppData/Local/Temp/UnrealXGEWorkingDir/
[2020.08.31-19.53.27:412][142]LogModuleManager: Shutting down and abandoning module TargetPlatform (156)
[2020.08.31-19.53.27:412][142]LogModuleManager: Shutting down and abandoning module VulkanShaderFormat (155)
[2020.08.31-19.53.27:413][142]LogModuleManager: Shutting down and abandoning module ShaderFormatVectorVM (153)
[2020.08.31-19.53.27:413][142]LogModuleManager: Shutting down and abandoning module ShaderFormatOpenGL (151)
[2020.08.31-19.53.27:413][142]LogModuleManager: Shutting down and abandoning module ShaderFormatD3D (149)
[2020.08.31-19.53.27:413][142]LogModuleManager: Shutting down and abandoning module MetalShaderFormat (147)
[2020.08.31-19.53.27:414][142]LogModuleManager: Shutting down and abandoning module TextureFormatUncompressed (145)
[2020.08.31-19.53.27:414][142]LogModuleManager: Shutting down and abandoning module TextureFormatPVR (143)
[2020.08.31-19.53.27:414][142]LogModuleManager: Shutting down and abandoning module TextureFormatDXT (141)
[2020.08.31-19.53.27:414][142]LogModuleManager: Shutting down and abandoning module TextureFormatIntelISPCTexComp (139)
[2020.08.31-19.53.27:414][142]LogModuleManager: Shutting down and abandoning module TextureFormatASTC (137)
[2020.08.31-19.53.27:414][142]LogModuleManager: Shutting down and abandoning module ImageWrapper (136)
[2020.08.31-19.53.27:414][142]LogModuleManager: Shutting down and abandoning module TextureFormatAndroid (133)
[2020.08.31-19.53.27:414][142]LogModuleManager: Shutting down and abandoning module AudioFormatOpus (131)
[2020.08.31-19.53.27:414][142]LogModuleManager: Shutting down and abandoning module AudioFormatOgg (129)
[2020.08.31-19.53.27:414][142]LogModuleManager: Shutting down and abandoning module AudioFormatADPCM (127)
[2020.08.31-19.53.27:414][142]LogModuleManager: Shutting down and abandoning module LuminTargetPlatform (125)
[2020.08.31-19.53.27:416][142]LogModuleManager: Shutting down and abandoning module LinuxTargetPlatform (123)
[2020.08.31-19.53.27:416][142]LogModuleManager: Shutting down and abandoning module LinuxServerTargetPlatform (121)
[2020.08.31-19.53.27:417][142]LogModuleManager: Shutting down and abandoning module LinuxNoEditorTargetPlatform (119)
[2020.08.31-19.53.27:417][142]LogModuleManager: Shutting down and abandoning module LinuxClientTargetPlatform (117)
[2020.08.31-19.53.27:417][142]LogModuleManager: Shutting down and abandoning module TVOSTargetPlatform (115)
[2020.08.31-19.53.27:418][142]LogModuleManager: Shutting down and abandoning module Messaging (113)
[2020.08.31-19.53.27:418][142]LogModuleManager: Shutting down and abandoning module IOSTargetPlatform (111)
[2020.08.31-19.53.27:418][142]LogModuleManager: Shutting down and abandoning module HTML5TargetPlatform (109)
[2020.08.31-19.53.27:418][142]LogModuleManager: Shutting down and abandoning module AndroidTargetPlatform (107)
[2020.08.31-19.53.27:424][142]LogModuleManager: Shutting down and abandoning module WindowsTargetPlatform (105)
[2020.08.31-19.53.27:424][142]LogModuleManager: Shutting down and abandoning module WindowsServerTargetPlatform (103)
[2020.08.31-19.53.27:424][142]LogModuleManager: Shutting down and abandoning module WindowsNoEditorTargetPlatform (101)
[2020.08.31-19.53.27:424][142]LogModuleManager: Shutting down and abandoning module WindowsClientTargetPlatform (99)
[2020.08.31-19.53.27:424][142]LogModuleManager: Shutting down and abandoning module MacTargetPlatform (97)
[2020.08.31-19.53.27:424][142]LogModuleManager: Shutting down and abandoning module MacServerTargetPlatform (95)
[2020.08.31-19.53.27:424][142]LogModuleManager: Shutting down and abandoning module MacNoEditorTargetPlatform (93)
[2020.08.31-19.53.27:424][142]LogModuleManager: Shutting down and abandoning module MacClientTargetPlatform (91)
[2020.08.31-19.53.27:425][142]LogModuleManager: Shutting down and abandoning module AllDesktopTargetPlatform (89)
[2020.08.31-19.53.27:425][142]LogModuleManager: Shutting down and abandoning module InputCore (86)
[2020.08.31-19.53.27:425][142]LogModuleManager: Shutting down and abandoning module Settings (84)
[2020.08.31-19.53.27:425][142]LogModuleManager: Shutting down and abandoning module PhysXCooking (82)
[2020.08.31-19.53.27:425][142]LogModuleManager: Shutting down and abandoning module SteamVR (80)
[2020.08.31-19.53.27:425][142]LogHMD: Freeing OpenVRDLLHandle.
[2020.08.31-19.53.27:425][142]LogModuleManager: Shutting down and abandoning module OculusHMD (78)
[2020.08.31-19.53.27:425][142]LogModuleManager: Shutting down and abandoning module ExampleDeviceProfileSelector (76)
[2020.08.31-19.53.27:425][142]LogModuleManager: Shutting down and abandoning module LauncherChunkInstaller (74)
[2020.08.31-19.53.27:425][142]LogModuleManager: Shutting down and abandoning module OnlineBlueprintSupport (72)
[2020.08.31-19.53.27:425][142]LogModuleManager: Shutting down and abandoning module OnlineSubsystem (68)
[2020.08.31-19.53.27:427][142]LogModuleManager: Shutting down and abandoning module XMPP (63)
[2020.08.31-19.53.27:429][142]LogModuleManager: Shutting down and abandoning module WebSockets (62)
[2020.08.31-19.53.27:455][142]LogModuleManager: Shutting down and abandoning module HTTP (59)
[2020.08.31-19.53.27:455][142]LogHttp: Display: Http module shutting down, but needs to wait on 1 outstanding Http requests:
[2020.08.31-19.53.27:455][142]LogHttp: Display: 	verb=[POST] url=[https://datarouter.ol.epicgames.com/datarouter/api/v1/public/data?SessionID=%7B9E2D6E1B-4252-BF95-6CF2-0CBBE8EDFB3E%7D&AppID=UEEditor.Rocket.Release&AppVersion=4.21.1-4613538%2B%2B%2BUE4%2BRelease-4.21&UserID=793bd1a94839ed2c3604278661387a23%7Ccb7ba15ffe1c41f388ad08d0b68bb251%7Cf51ff2c7-8931-4530-ba28-0276a0d8634a&AppEnvironment=datacollector-binary&UploadType=eteventstream] status=Processing
[2020.08.31-19.53.27:487][142]LogModuleManager: Shutting down and abandoning module SSL (58)
[2020.08.31-19.53.27:487][142]LogModuleManager: Shutting down and abandoning module MagicLeapIdentity (54)
[2020.08.31-19.53.27:488][142]LogModuleManager: Shutting down and abandoning module MagicLeapHelperVulkan (52)
[2020.08.31-19.53.27:488][142]LogModuleManager: Shutting down and abandoning module MagicLeapHelperOpenGL (50)
[2020.08.31-19.53.27:488][142]LogModuleManager: Shutting down and abandoning module MagicLeapSecureStorage (48)
[2020.08.31-19.53.27:488][142]LogModuleManager: Shutting down and abandoning module MagicLeapHandTracking (46)
[2020.08.31-19.53.27:488][142]LogModuleManager: Shutting down and abandoning module MagicLeapEyeTracker (44)
[2020.08.31-19.53.27:488][142]LogModuleManager: Shutting down and abandoning module MagicLeapController (42)
[2020.08.31-19.53.27:488][142]LogSlate: Slate User Destroyed.  User Index 0, Is Virtual User: 0
[2020.08.31-19.53.27:488][142]LogModuleManager: Shutting down and abandoning module MagicLeap (40)
[2020.08.31-19.53.27:488][142]LogModuleManager: Shutting down and abandoning module DatasmithContent (38)
[2020.08.31-19.53.27:489][142]LogModuleManager: Shutting down and abandoning module AnimationModifiers (36)
[2020.08.31-19.53.27:489][142]LogModuleManager: Shutting down and abandoning module PropertyEditor (35)
[2020.08.31-19.53.27:490][142]LogModuleManager: Shutting down and abandoning module AudioEditor (32)
[2020.08.31-19.53.27:491][142]LogModuleManager: Shutting down and abandoning module TextureCompressor (30)
[2020.08.31-19.53.27:491][142]LogModuleManager: Shutting down and abandoning module ShaderCore (28)
[2020.08.31-19.53.27:491][142]LogModuleManager: Shutting down and abandoning module Landscape (26)
[2020.08.31-19.53.27:491][142]LogModuleManager: Shutting down and abandoning module SlateRHIRenderer (24)
[2020.08.31-19.53.27:492][142]LogModuleManager: Shutting down and abandoning module OpenGLDrv (22)
[2020.08.31-19.53.27:493][142]LogModuleManager: Shutting down and abandoning module D3D11RHI (20)
[2020.08.31-19.53.27:493][142]LogModuleManager: Shutting down and abandoning module AnimGraphRuntime (18)
[2020.08.31-19.53.27:493][142]LogModuleManager: Shutting down and abandoning module Renderer (16)
[2020.08.31-19.53.27:493][142]LogModuleManager: Shutting down and abandoning module Engine (14)
[2020.08.31-19.53.27:493][142]LogModuleManager: Shutting down and abandoning module CoreUObject (12)
[2020.08.31-19.53.27:493][142]LogModuleManager: Shutting down and abandoning module NetworkFile (10)
[2020.08.31-19.53.27:493][142]LogModuleManager: Shutting down and abandoning module CookedIterativeFile (8)
[2020.08.31-19.53.27:493][142]LogModuleManager: Shutting down and abandoning module StreamingFile (6)
[2020.08.31-19.53.27:493][142]LogModuleManager: Shutting down and abandoning module SandboxFile (4)
[2020.08.31-19.53.27:493][142]LogModuleManager: Shutting down and abandoning module PakFile (2)
[2020.08.31-19.53.27:502][142]LogExit: Exiting.
[2020.08.31-19.53.27:514][142]Log file closed, 08/31/20 21:53:27
